[0.026s] Invoking command in '/home/travharan/ros2_ws/src/build/my_cpp_pkg': CMAKE_PREFIX_PATH=${CMAKE_PREFIX_PATH}:/home/travharan/ros2_ws/install/my_py_pkg:/opt/ros/humble /usr/bin/cmake --build /home/travharan/ros2_ws/src/build/my_cpp_pkg -- -j2 -l2
[0.202s] [ 12%] Built target cpp_node
[0.276s] [ 25%] Built target robot_news_station
[0.337s] [ 37%] Built target smartphone
[0.409s] [ 50%] Built target number_publisher
[0.472s] [ 62%] Built target number_counter
[0.522s] [ 75%] Built target add_two_ints_server
[0.574s] [ 87%] Built target add_two_ints_client_no_oop
[0.596s] [35m[1mConsolidate compiler generated dependencies of target add_two_ints_client[0m
[0.621s] [ 93%] [32mBuilding CXX object CMakeFiles/add_two_ints_client.dir/src/add_two_ints_client.cpp.o[0m
[6.268s] [100%] [32m[1mLinking CXX executable add_two_ints_client[0m
[6.469s] [100%] Built target add_two_ints_client
[6.494s] Invoked command in '/home/travharan/ros2_ws/src/build/my_cpp_pkg' returned '0': CMAKE_PREFIX_PATH=${CMAKE_PREFIX_PATH}:/home/travharan/ros2_ws/install/my_py_pkg:/opt/ros/humble /usr/bin/cmake --build /home/travharan/ros2_ws/src/build/my_cpp_pkg -- -j2 -l2
[6.638s] Invoking command in '/home/travharan/ros2_ws/src/build/my_cpp_pkg': CMAKE_PREFIX_PATH=${CMAKE_PREFIX_PATH}:/home/travharan/ros2_ws/install/my_py_pkg:/opt/ros/humble /usr/bin/cmake --install /home/travharan/ros2_ws/src/build/my_cpp_pkg
[6.670s] -- Install configuration: ""
[6.670s] -- Up-to-date: /home/travharan/ros2_ws/src/install/my_cpp_pkg/lib/my_cpp_pkg/cpp_node
[6.671s] -- Up-to-date: /home/travharan/ros2_ws/src/install/my_cpp_pkg/lib/my_cpp_pkg/robot_news_station
[6.672s] -- Up-to-date: /home/travharan/ros2_ws/src/install/my_cpp_pkg/lib/my_cpp_pkg/smartphone
[6.672s] -- Up-to-date: /home/travharan/ros2_ws/src/install/my_cpp_pkg/lib/my_cpp_pkg/number_publisher
[6.673s] -- Up-to-date: /home/travharan/ros2_ws/src/install/my_cpp_pkg/lib/my_cpp_pkg/number_counter
[6.674s] -- Up-to-date: /home/travharan/ros2_ws/src/install/my_cpp_pkg/lib/my_cpp_pkg/add_two_ints_server
[6.675s] -- Up-to-date: /home/travharan/ros2_ws/src/install/my_cpp_pkg/lib/my_cpp_pkg/add_two_ints_client_no_oop
[6.675s] -- Installing: /home/travharan/ros2_ws/src/install/my_cpp_pkg/lib/my_cpp_pkg/add_two_ints_client
[6.677s] -- Set runtime path of "/home/travharan/ros2_ws/src/install/my_cpp_pkg/lib/my_cpp_pkg/add_two_ints_client" to ""
[6.677s] -- Up-to-date: /home/travharan/ros2_ws/src/install/my_cpp_pkg/share/ament_index/resource_index/package_run_dependencies/my_cpp_pkg
[6.677s] -- Up-to-date: /home/travharan/ros2_ws/src/install/my_cpp_pkg/share/ament_index/resource_index/parent_prefix_path/my_cpp_pkg
[6.678s] -- Up-to-date: /home/travharan/ros2_ws/src/install/my_cpp_pkg/share/my_cpp_pkg/environment/ament_prefix_path.sh
[6.678s] -- Up-to-date: /home/travharan/ros2_ws/src/install/my_cpp_pkg/share/my_cpp_pkg/environment/ament_prefix_path.dsv
[6.678s] -- Up-to-date: /home/travharan/ros2_ws/src/install/my_cpp_pkg/share/my_cpp_pkg/environment/path.sh
[6.679s] -- Up-to-date: /home/travharan/ros2_ws/src/install/my_cpp_pkg/share/my_cpp_pkg/environment/path.dsv
[6.679s] -- Up-to-date: /home/travharan/ros2_ws/src/install/my_cpp_pkg/share/my_cpp_pkg/local_setup.bash
[6.679s] -- Up-to-date: /home/travharan/ros2_ws/src/install/my_cpp_pkg/share/my_cpp_pkg/local_setup.sh
[6.680s] -- Up-to-date: /home/travharan/ros2_ws/src/install/my_cpp_pkg/share/my_cpp_pkg/local_setup.zsh
[6.680s] -- Up-to-date: /home/travharan/ros2_ws/src/install/my_cpp_pkg/share/my_cpp_pkg/local_setup.dsv
[6.680s] -- Installing: /home/travharan/ros2_ws/src/install/my_cpp_pkg/share/my_cpp_pkg/package.dsv
[6.682s] -- Up-to-date: /home/travharan/ros2_ws/src/install/my_cpp_pkg/share/ament_index/resource_index/packages/my_cpp_pkg
[6.689s] -- Up-to-date: /home/travharan/ros2_ws/src/install/my_cpp_pkg/share/my_cpp_pkg/cmake/my_cpp_pkgConfig.cmake
[6.689s] -- Up-to-date: /home/travharan/ros2_ws/src/install/my_cpp_pkg/share/my_cpp_pkg/cmake/my_cpp_pkgConfig-version.cmake
[6.689s] -- Up-to-date: /home/travharan/ros2_ws/src/install/my_cpp_pkg/share/my_cpp_pkg/package.xml
[6.702s] Invoked command in '/home/travharan/ros2_ws/src/build/my_cpp_pkg' returned '0': CMAKE_PREFIX_PATH=${CMAKE_PREFIX_PATH}:/home/travharan/ros2_ws/install/my_py_pkg:/opt/ros/humble /usr/bin/cmake --install /home/travharan/ros2_ws/src/build/my_cpp_pkg
