[0.933s] Invoking command in '/home/travharan/ros2_ws/src/my_py_pkg': PYTHONPATH=/home/travharan/ros2_ws/build/my_py_pkg/prefix_override:/home/travharan/ros2_ws/install/my_py_pkg/lib/python3.10/site-packages:${PYTHONPATH} /usr/bin/python3 -W ignore:setup.py install is deprecated setup.py egg_info --egg-base ../../build/my_py_pkg build --build-base /home/travharan/ros2_ws/build/my_py_pkg/build install --record /home/travharan/ros2_ws/build/my_py_pkg/install.log --single-version-externally-managed install_data
[1.310s] running egg_info
[1.312s] writing ../../build/my_py_pkg/my_py_pkg.egg-info/PKG-INFO
[1.314s] writing dependency_links to ../../build/my_py_pkg/my_py_pkg.egg-info/dependency_links.txt
[1.316s] writing entry points to ../../build/my_py_pkg/my_py_pkg.egg-info/entry_points.txt
[1.317s] writing requirements to ../../build/my_py_pkg/my_py_pkg.egg-info/requires.txt
[1.318s] writing top-level names to ../../build/my_py_pkg/my_py_pkg.egg-info/top_level.txt
[1.320s] reading manifest file '../../build/my_py_pkg/my_py_pkg.egg-info/SOURCES.txt'
[1.321s] writing manifest file '../../build/my_py_pkg/my_py_pkg.egg-info/SOURCES.txt'
[1.322s] running build
[1.322s] running build_py
[1.322s] copying my_py_pkg/add_two_ints_server.py -> /home/travharan/ros2_ws/build/my_py_pkg/build/lib/my_py_pkg
[1.323s] running install
[1.323s] running install_lib
[1.324s] copying /home/travharan/ros2_ws/build/my_py_pkg/build/lib/my_py_pkg/add_two_ints_server.py -> /home/travharan/ros2_ws/install/my_py_pkg/lib/python3.10/site-packages/my_py_pkg
[1.325s] byte-compiling /home/travharan/ros2_ws/install/my_py_pkg/lib/python3.10/site-packages/my_py_pkg/add_two_ints_server.py to add_two_ints_server.cpython-310.pyc
[1.325s] running install_data
[1.326s] running install_egg_info
[1.328s] removing '/home/travharan/ros2_ws/install/my_py_pkg/lib/python3.10/site-packages/my_py_pkg-0.0.0-py3.10.egg-info' (and everything under it)
[1.328s] Copying ../../build/my_py_pkg/my_py_pkg.egg-info to /home/travharan/ros2_ws/install/my_py_pkg/lib/python3.10/site-packages/my_py_pkg-0.0.0-py3.10.egg-info
[1.330s] running install_scripts
[1.356s] Installing add_two_ints_server script to /home/travharan/ros2_ws/install/my_py_pkg/lib/my_py_pkg
[1.357s] Installing number_counter script to /home/travharan/ros2_ws/install/my_py_pkg/lib/my_py_pkg
[1.358s] Installing number_publisher script to /home/travharan/ros2_ws/install/my_py_pkg/lib/my_py_pkg
[1.358s] Installing py_node script to /home/travharan/ros2_ws/install/my_py_pkg/lib/my_py_pkg
[1.358s] Installing robot_news_station script to /home/travharan/ros2_ws/install/my_py_pkg/lib/my_py_pkg
[1.358s] Installing smartphone script to /home/travharan/ros2_ws/install/my_py_pkg/lib/my_py_pkg
[1.359s] writing list of installed files to '/home/travharan/ros2_ws/build/my_py_pkg/install.log'
[1.394s] Invoked command in '/home/travharan/ros2_ws/src/my_py_pkg' returned '0': PYTHONPATH=/home/travharan/ros2_ws/build/my_py_pkg/prefix_override:/home/travharan/ros2_ws/install/my_py_pkg/lib/python3.10/site-packages:${PYTHONPATH} /usr/bin/python3 -W ignore:setup.py install is deprecated setup.py egg_info --egg-base ../../build/my_py_pkg build --build-base /home/travharan/ros2_ws/build/my_py_pkg/build install --record /home/travharan/ros2_ws/build/my_py_pkg/install.log --single-version-externally-managed install_data
