[0.977s] Invoking command in '/home/travharan/ros2_ws/src/my_py_pkg': PYTHONPATH=/home/travharan/ros2_ws/build/my_py_pkg/prefix_override:/home/travharan/ros2_ws/install/my_py_pkg/lib/python3.10/site-packages:${PYTHONPATH} /usr/bin/python3 -W ignore:setup.py install is deprecated setup.py egg_info --egg-base ../../build/my_py_pkg build --build-base /home/travharan/ros2_ws/build/my_py_pkg/build install --record /home/travharan/ros2_ws/build/my_py_pkg/install.log --single-version-externally-managed install_data
[1.292s] running egg_info
[1.295s] writing ../../build/my_py_pkg/my_py_pkg.egg-info/PKG-INFO
[1.297s] writing dependency_links to ../../build/my_py_pkg/my_py_pkg.egg-info/dependency_links.txt
[1.298s] writing entry points to ../../build/my_py_pkg/my_py_pkg.egg-info/entry_points.txt
[1.300s] writing requirements to ../../build/my_py_pkg/my_py_pkg.egg-info/requires.txt
[1.301s] writing top-level names to ../../build/my_py_pkg/my_py_pkg.egg-info/top_level.txt
[1.306s] reading manifest file '../../build/my_py_pkg/my_py_pkg.egg-info/SOURCES.txt'
[1.307s] writing manifest file '../../build/my_py_pkg/my_py_pkg.egg-info/SOURCES.txt'
[1.309s] running build
[1.309s] running build_py
[1.310s] running install
[1.312s] running install_lib
[1.314s] running install_data
[1.314s] running install_egg_info
[1.315s] removing '/home/travharan/ros2_ws/install/my_py_pkg/lib/python3.10/site-packages/my_py_pkg-0.0.0-py3.10.egg-info' (and everything under it)
[1.321s] Copying ../../build/my_py_pkg/my_py_pkg.egg-info to /home/travharan/ros2_ws/install/my_py_pkg/lib/python3.10/site-packages/my_py_pkg-0.0.0-py3.10.egg-info
[1.322s] running install_scripts
[1.349s] writing list of installed files to '/home/travharan/ros2_ws/build/my_py_pkg/install.log'
[1.387s] Invoked command in '/home/travharan/ros2_ws/src/my_py_pkg' returned '0': PYTHONPATH=/home/travharan/ros2_ws/build/my_py_pkg/prefix_override:/home/travharan/ros2_ws/install/my_py_pkg/lib/python3.10/site-packages:${PYTHONPATH} /usr/bin/python3 -W ignore:setup.py install is deprecated setup.py egg_info --egg-base ../../build/my_py_pkg build --build-base /home/travharan/ros2_ws/build/my_py_pkg/build install --record /home/travharan/ros2_ws/build/my_py_pkg/install.log --single-version-externally-managed install_data
