[0.036s] Invoking command in '/home/travharan/ros2_ws/src/build/my_cpp_pkg': CMAKE_PREFIX_PATH=${CMAKE_PREFIX_PATH}:/home/travharan/ros2_ws/install/my_py_pkg:/opt/ros/humble /usr/bin/cmake --build /home/travharan/ros2_ws/src/build/my_cpp_pkg -- -j2 -l2
[0.311s] -- Found ament_cmake: 1.3.8 (/opt/ros/humble/share/ament_cmake/cmake)
[0.578s] -- Found rclcpp: 16.0.8 (/opt/ros/humble/share/rclcpp/cmake)
[0.666s] -- Found rosidl_generator_c: 3.1.5 (/opt/ros/humble/share/rosidl_generator_c/cmake)
[0.677s] -- Found rosidl_adapter: 3.1.5 (/opt/ros/humble/share/rosidl_adapter/cmake)
[0.698s] -- Found rosidl_generator_cpp: 3.1.5 (/opt/ros/humble/share/rosidl_generator_cpp/cmake)
[0.726s] -- Using all available rosidl_typesupport_c: rosidl_typesupport_fastrtps_c;rosidl_typesupport_introspection_c
[0.774s] -- Using all available rosidl_typesupport_cpp: rosidl_typesupport_fastrtps_cpp;rosidl_typesupport_introspection_cpp
[0.905s] -- Found rmw_implementation_cmake: 6.1.1 (/opt/ros/humble/share/rmw_implementation_cmake/cmake)
[0.911s] -- Found rmw_fastrtps_cpp: 6.2.6 (/opt/ros/humble/share/rmw_fastrtps_cpp/cmake)
[1.142s] -- Using RMW implementation 'rmw_fastrtps_cpp' as default
[1.450s] -- Found ament_lint_auto: 0.12.10 (/opt/ros/humble/share/ament_lint_auto/cmake)
[1.566s] -- Added test 'cppcheck' to perform static code analysis on C / C++ code
[1.567s] -- Configured cppcheck include dirs: 
[1.567s] -- Configured cppcheck exclude dirs and/or files: 
[1.570s] -- Added test 'lint_cmake' to check CMake code style
[1.573s] -- Added test 'uncrustify' to check C / C++ code style
[1.573s] -- Configured uncrustify additional arguments: 
[1.575s] -- Added test 'xmllint' to check XML markup files
[1.578s] -- Configuring done
[1.609s] -- Generating done
[1.612s] -- Build files have been written to: /home/travharan/ros2_ws/src/build/my_cpp_pkg
[1.666s] [ 50%] [32mBuilding CXX object CMakeFiles/cpp_node.dir/src/my_first_node.cpp.o[0m
[6.981s] [100%] [32m[1mLinking CXX executable cpp_node[0m
[7.316s] [100%] Built target cpp_node
[7.334s] Invoked command in '/home/travharan/ros2_ws/src/build/my_cpp_pkg' returned '0': CMAKE_PREFIX_PATH=${CMAKE_PREFIX_PATH}:/home/travharan/ros2_ws/install/my_py_pkg:/opt/ros/humble /usr/bin/cmake --build /home/travharan/ros2_ws/src/build/my_cpp_pkg -- -j2 -l2
[7.404s] Invoking command in '/home/travharan/ros2_ws/src/build/my_cpp_pkg': CMAKE_PREFIX_PATH=${CMAKE_PREFIX_PATH}:/home/travharan/ros2_ws/install/my_py_pkg:/opt/ros/humble /usr/bin/cmake --install /home/travharan/ros2_ws/src/build/my_cpp_pkg
[7.417s] -- Install configuration: ""
[7.418s] -- Installing: /home/travharan/ros2_ws/src/install/my_cpp_pkg/lib/my_cpp_pkg/cpp_node
[7.423s] -- Set runtime path of "/home/travharan/ros2_ws/src/install/my_cpp_pkg/lib/my_cpp_pkg/cpp_node" to ""
[7.424s] -- Up-to-date: /home/travharan/ros2_ws/src/install/my_cpp_pkg/share/ament_index/resource_index/package_run_dependencies/my_cpp_pkg
[7.425s] -- Installing: /home/travharan/ros2_ws/src/install/my_cpp_pkg/share/ament_index/resource_index/parent_prefix_path/my_cpp_pkg
[7.426s] -- Up-to-date: /home/travharan/ros2_ws/src/install/my_cpp_pkg/share/my_cpp_pkg/environment/ament_prefix_path.sh
[7.427s] -- Installing: /home/travharan/ros2_ws/src/install/my_cpp_pkg/share/my_cpp_pkg/environment/ament_prefix_path.dsv
[7.428s] -- Up-to-date: /home/travharan/ros2_ws/src/install/my_cpp_pkg/share/my_cpp_pkg/environment/path.sh
[7.428s] -- Installing: /home/travharan/ros2_ws/src/install/my_cpp_pkg/share/my_cpp_pkg/environment/path.dsv
[7.428s] -- Up-to-date: /home/travharan/ros2_ws/src/install/my_cpp_pkg/share/my_cpp_pkg/local_setup.bash
[7.428s] -- Up-to-date: /home/travharan/ros2_ws/src/install/my_cpp_pkg/share/my_cpp_pkg/local_setup.sh
[7.428s] -- Up-to-date: /home/travharan/ros2_ws/src/install/my_cpp_pkg/share/my_cpp_pkg/local_setup.zsh
[7.428s] -- Installing: /home/travharan/ros2_ws/src/install/my_cpp_pkg/share/my_cpp_pkg/local_setup.dsv
[7.429s] -- Installing: /home/travharan/ros2_ws/src/install/my_cpp_pkg/share/my_cpp_pkg/package.dsv
[7.429s] -- Up-to-date: /home/travharan/ros2_ws/src/install/my_cpp_pkg/share/ament_index/resource_index/packages/my_cpp_pkg
[7.429s] -- Up-to-date: /home/travharan/ros2_ws/src/install/my_cpp_pkg/share/my_cpp_pkg/cmake/my_cpp_pkgConfig.cmake
[7.429s] -- Up-to-date: /home/travharan/ros2_ws/src/install/my_cpp_pkg/share/my_cpp_pkg/cmake/my_cpp_pkgConfig-version.cmake
[7.429s] -- Up-to-date: /home/travharan/ros2_ws/src/install/my_cpp_pkg/share/my_cpp_pkg/package.xml
[7.433s] Invoked command in '/home/travharan/ros2_ws/src/build/my_cpp_pkg' returned '0': CMAKE_PREFIX_PATH=${CMAKE_PREFIX_PATH}:/home/travharan/ros2_ws/install/my_py_pkg:/opt/ros/humble /usr/bin/cmake --install /home/travharan/ros2_ws/src/build/my_cpp_pkg
