[1.189s] Invoking command in '/home/travharan/ros2_ws/build/my_py_pkg': PYTHONPATH=/home/travharan/ros2_ws/build/my_py_pkg/prefix_override:/home/travharan/ros2_ws/install/my_py_pkg/lib/python3.10/site-packages:${PYTHONPATH} /usr/bin/python3 -W ignore:setup.py install is deprecated setup.py develop --uninstall --editable --build-directory /home/travharan/ros2_ws/build/my_py_pkg/build
[1.703s] running develop
[1.916s] Removing /home/travharan/ros2_ws/install/my_py_pkg/lib/python3.10/site-packages/my-py-pkg.egg-link (link to .)
[1.953s] Invoked command in '/home/travharan/ros2_ws/build/my_py_pkg' returned '0': PYTHONPATH=/home/travharan/ros2_ws/build/my_py_pkg/prefix_override:/home/travharan/ros2_ws/install/my_py_pkg/lib/python3.10/site-packages:${PYTHONPATH} /usr/bin/python3 -W ignore:setup.py install is deprecated setup.py develop --uninstall --editable --build-directory /home/travharan/ros2_ws/build/my_py_pkg/build
[1.953s] Invoking command in '/home/travharan/ros2_ws/src/my_py_pkg': PYTHONPATH=/home/travharan/ros2_ws/build/my_py_pkg/prefix_override:/home/travharan/ros2_ws/install/my_py_pkg/lib/python3.10/site-packages:${PYTHONPATH} /usr/bin/python3 -W ignore:setup.py install is deprecated setup.py egg_info --egg-base ../../build/my_py_pkg build --build-base /home/travharan/ros2_ws/build/my_py_pkg/build install --record /home/travharan/ros2_ws/build/my_py_pkg/install.log --single-version-externally-managed install_data --force
[2.282s] running egg_info
[2.285s] writing ../../build/my_py_pkg/my_py_pkg.egg-info/PKG-INFO
[2.285s] writing dependency_links to ../../build/my_py_pkg/my_py_pkg.egg-info/dependency_links.txt
[2.285s] writing entry points to ../../build/my_py_pkg/my_py_pkg.egg-info/entry_points.txt
[2.285s] writing requirements to ../../build/my_py_pkg/my_py_pkg.egg-info/requires.txt
[2.285s] writing top-level names to ../../build/my_py_pkg/my_py_pkg.egg-info/top_level.txt
[2.287s] reading manifest file '../../build/my_py_pkg/my_py_pkg.egg-info/SOURCES.txt'
[2.290s] writing manifest file '../../build/my_py_pkg/my_py_pkg.egg-info/SOURCES.txt'
[2.291s] running build
[2.291s] running build_py
[2.291s] copying my_py_pkg/add_two_ints_server.py -> /home/travharan/ros2_ws/build/my_py_pkg/build/lib/my_py_pkg
[2.291s] copying my_py_pkg/number_publisher.py -> /home/travharan/ros2_ws/build/my_py_pkg/build/lib/my_py_pkg
[2.292s] copying my_py_pkg/number_counter.py -> /home/travharan/ros2_ws/build/my_py_pkg/build/lib/my_py_pkg
[2.292s] copying my_py_pkg/smartphone.py -> /home/travharan/ros2_ws/build/my_py_pkg/build/lib/my_py_pkg
[2.292s] copying my_py_pkg/robot_news_station.py -> /home/travharan/ros2_ws/build/my_py_pkg/build/lib/my_py_pkg
[2.293s] running install
[2.293s] running install_lib
[2.294s] creating /home/travharan/ros2_ws/install/my_py_pkg/lib/python3.10/site-packages/my_py_pkg
[2.294s] copying /home/travharan/ros2_ws/build/my_py_pkg/build/lib/my_py_pkg/add_two_ints_server.py -> /home/travharan/ros2_ws/install/my_py_pkg/lib/python3.10/site-packages/my_py_pkg
[2.295s] copying /home/travharan/ros2_ws/build/my_py_pkg/build/lib/my_py_pkg/my_first_node.py -> /home/travharan/ros2_ws/install/my_py_pkg/lib/python3.10/site-packages/my_py_pkg
[2.295s] copying /home/travharan/ros2_ws/build/my_py_pkg/build/lib/my_py_pkg/__init__.py -> /home/travharan/ros2_ws/install/my_py_pkg/lib/python3.10/site-packages/my_py_pkg
[2.295s] copying /home/travharan/ros2_ws/build/my_py_pkg/build/lib/my_py_pkg/number_publisher.py -> /home/travharan/ros2_ws/install/my_py_pkg/lib/python3.10/site-packages/my_py_pkg
[2.295s] copying /home/travharan/ros2_ws/build/my_py_pkg/build/lib/my_py_pkg/number_counter.py -> /home/travharan/ros2_ws/install/my_py_pkg/lib/python3.10/site-packages/my_py_pkg
[2.296s] copying /home/travharan/ros2_ws/build/my_py_pkg/build/lib/my_py_pkg/oop_node_template.py -> /home/travharan/ros2_ws/install/my_py_pkg/lib/python3.10/site-packages/my_py_pkg
[2.296s] copying /home/travharan/ros2_ws/build/my_py_pkg/build/lib/my_py_pkg/smartphone.py -> /home/travharan/ros2_ws/install/my_py_pkg/lib/python3.10/site-packages/my_py_pkg
[2.296s] copying /home/travharan/ros2_ws/build/my_py_pkg/build/lib/my_py_pkg/robot_news_station.py -> /home/travharan/ros2_ws/install/my_py_pkg/lib/python3.10/site-packages/my_py_pkg
[2.297s] byte-compiling /home/travharan/ros2_ws/install/my_py_pkg/lib/python3.10/site-packages/my_py_pkg/add_two_ints_server.py to add_two_ints_server.cpython-310.pyc
[2.298s] byte-compiling /home/travharan/ros2_ws/install/my_py_pkg/lib/python3.10/site-packages/my_py_pkg/my_first_node.py to my_first_node.cpython-310.pyc
[2.298s] byte-compiling /home/travharan/ros2_ws/install/my_py_pkg/lib/python3.10/site-packages/my_py_pkg/__init__.py to __init__.cpython-310.pyc
[2.299s] byte-compiling /home/travharan/ros2_ws/install/my_py_pkg/lib/python3.10/site-packages/my_py_pkg/number_publisher.py to number_publisher.cpython-310.pyc
[2.299s] byte-compiling /home/travharan/ros2_ws/install/my_py_pkg/lib/python3.10/site-packages/my_py_pkg/number_counter.py to number_counter.cpython-310.pyc
[2.300s] byte-compiling /home/travharan/ros2_ws/install/my_py_pkg/lib/python3.10/site-packages/my_py_pkg/oop_node_template.py to oop_node_template.cpython-310.pyc
[2.300s] byte-compiling /home/travharan/ros2_ws/install/my_py_pkg/lib/python3.10/site-packages/my_py_pkg/smartphone.py to smartphone.cpython-310.pyc
[2.301s] byte-compiling /home/travharan/ros2_ws/install/my_py_pkg/lib/python3.10/site-packages/my_py_pkg/robot_news_station.py to robot_news_station.cpython-310.pyc
[2.301s] running install_data
[2.301s] copying resource/my_py_pkg -> /home/travharan/ros2_ws/install/my_py_pkg/share/ament_index/resource_index/packages
[2.302s] copying package.xml -> /home/travharan/ros2_ws/install/my_py_pkg/share/my_py_pkg
[2.302s] running install_egg_info
[2.304s] Copying ../../build/my_py_pkg/my_py_pkg.egg-info to /home/travharan/ros2_ws/install/my_py_pkg/lib/python3.10/site-packages/my_py_pkg-0.0.0-py3.10.egg-info
[2.312s] running install_scripts
[2.338s] Installing add_two_ints_server script to /home/travharan/ros2_ws/install/my_py_pkg/lib/my_py_pkg
[2.341s] Installing number_counter script to /home/travharan/ros2_ws/install/my_py_pkg/lib/my_py_pkg
[2.342s] Installing number_publisher script to /home/travharan/ros2_ws/install/my_py_pkg/lib/my_py_pkg
[2.343s] Installing py_node script to /home/travharan/ros2_ws/install/my_py_pkg/lib/my_py_pkg
[2.345s] Installing robot_news_station script to /home/travharan/ros2_ws/install/my_py_pkg/lib/my_py_pkg
[2.345s] Installing smartphone script to /home/travharan/ros2_ws/install/my_py_pkg/lib/my_py_pkg
[2.345s] writing list of installed files to '/home/travharan/ros2_ws/build/my_py_pkg/install.log'
[2.373s] Invoked command in '/home/travharan/ros2_ws/src/my_py_pkg' returned '0': PYTHONPATH=/home/travharan/ros2_ws/build/my_py_pkg/prefix_override:/home/travharan/ros2_ws/install/my_py_pkg/lib/python3.10/site-packages:${PYTHONPATH} /usr/bin/python3 -W ignore:setup.py install is deprecated setup.py egg_info --egg-base ../../build/my_py_pkg build --build-base /home/travharan/ros2_ws/build/my_py_pkg/build install --record /home/travharan/ros2_ws/build/my_py_pkg/install.log --single-version-externally-managed install_data --force
