[0.912s] Invoking command in '/home/travharan/ros2_ws/build/my_py_pkg': PYTHONPATH=/home/travharan/ros2_ws/build/my_py_pkg/prefix_override:/home/travharan/ros2_ws/install/my_py_pkg/lib/python3.10/site-packages:${PYTHONPATH} /usr/bin/python3 -W ignore:setup.py install is deprecated setup.py develop --editable --build-directory /home/travharan/ros2_ws/build/my_py_pkg/build --no-deps symlink_data --force
[1.275s] running develop
[1.275s] /usr/lib/python3/dist-packages/setuptools/command/easy_install.py:158: EasyInstallDeprecationWarning: easy_install command is deprecated. Use build and pip and other standards-based tools.
[1.275s]   warnings.warn(
[1.490s] running egg_info
[1.491s] writing my_py_pkg.egg-info/PKG-INFO
[1.493s] writing dependency_links to my_py_pkg.egg-info/dependency_links.txt
[1.494s] writing entry points to my_py_pkg.egg-info/entry_points.txt
[1.495s] writing requirements to my_py_pkg.egg-info/requires.txt
[1.495s] writing top-level names to my_py_pkg.egg-info/top_level.txt
[1.499s] reading manifest file 'my_py_pkg.egg-info/SOURCES.txt'
[1.500s] writing manifest file 'my_py_pkg.egg-info/SOURCES.txt'
[1.501s] running build_ext
[1.502s] Creating /home/travharan/ros2_ws/install/my_py_pkg/lib/python3.10/site-packages/my-py-pkg.egg-link (link to .)
[1.503s] Installing py_node script to /home/travharan/ros2_ws/install/my_py_pkg/lib/my_py_pkg
[1.504s] Installing robot_news_station script to /home/travharan/ros2_ws/install/my_py_pkg/lib/my_py_pkg
[1.505s] 
[1.505s] Installed /home/travharan/ros2_ws/build/my_py_pkg
[1.505s] running symlink_data
[1.505s] symbolically linking /home/travharan/ros2_ws/build/my_py_pkg/resource/my_py_pkg -> /home/travharan/ros2_ws/install/my_py_pkg/share/ament_index/resource_index/packages
[1.505s] symbolically linking /home/travharan/ros2_ws/build/my_py_pkg/package.xml -> /home/travharan/ros2_ws/install/my_py_pkg/share/my_py_pkg
[1.561s] Invoked command in '/home/travharan/ros2_ws/build/my_py_pkg' returned '0': PYTHONPATH=/home/travharan/ros2_ws/build/my_py_pkg/prefix_override:/home/travharan/ros2_ws/install/my_py_pkg/lib/python3.10/site-packages:${PYTHONPATH} /usr/bin/python3 -W ignore:setup.py install is deprecated setup.py develop --editable --build-directory /home/travharan/ros2_ws/build/my_py_pkg/build --no-deps symlink_data --force
