[0.144s] DEBUG:colcon:Command line arguments: ['/usr/bin/colcon', 'build', '--packages-select', 'my_py_pkg']
[0.144s] DEBUG:colcon:Parsed command line arguments: Namespace(log_base=None, log_level=None, verb_name='build', build_base='build', install_base='install', merge_install=False, symlink_install=False, test_result_base=None, continue_on_error=False, executor='parallel', parallel_workers=2, event_handlers=None, ignore_user_meta=False, metas=['./colcon.meta'], base_paths=['.'], packages_ignore=None, packages_ignore_regex=None, paths=None, packages_up_to=None, packages_up_to_regex=None, packages_above=None, packages_above_and_dependencies=None, packages_above_depth=None, packages_select_by_dep=None, packages_skip_by_dep=None, packages_skip_up_to=None, packages_select_build_failed=False, packages_skip_build_finished=False, packages_select_test_failures=False, packages_skip_test_passed=False, packages_select=['my_py_pkg'], packages_skip=None, packages_select_regex=None, packages_skip_regex=None, packages_start=None, packages_end=None, allow_overriding=[], cmake_args=None, cmake_target=None, cmake_target_skip_unavailable=False, cmake_clean_cache=False, cmake_clean_first=False, cmake_force_configure=False, ament_cmake_args=None, catkin_cmake_args=None, catkin_skip_building_tests=False, verb_parser=<colcon_defaults.argument_parser.defaults.DefaultArgumentsDecorator object at 0x7cf75db0b760>, verb_extension=<colcon_core.verb.build.BuildVerb object at 0x7cf75db0b190>, main=<bound method BuildVerb.main of <colcon_core.verb.build.BuildVerb object at 0x7cf75db0b190>>)
[0.360s] Level 1:colcon.colcon_core.package_discovery:discover_packages(colcon_meta) check parameters
[0.361s] Level 1:colcon.colcon_core.package_discovery:discover_packages(recursive) check parameters
[0.361s] Level 1:colcon.colcon_core.package_discovery:discover_packages(ignore) check parameters
[0.361s] Level 1:colcon.colcon_core.package_discovery:discover_packages(path) check parameters
[0.362s] Level 1:colcon.colcon_core.package_discovery:discover_packages(colcon_meta) discover
[0.362s] Level 1:colcon.colcon_core.package_discovery:discover_packages(recursive) discover
[0.362s] INFO:colcon.colcon_core.package_discovery:Crawling recursively for packages in '/home/travharan/ros2_ws/src/my_py_pkg'
[0.363s] Level 1:colcon.colcon_core.package_identification:_identify(.) by extensions ['ignore', 'ignore_ament_install']
[0.363s] Level 1:colcon.colcon_core.package_identification:_identify(.) by extension 'ignore'
[0.363s] Level 1:colcon.colcon_core.package_identification:_identify(.) by extension 'ignore_ament_install'
[0.364s] Level 1:colcon.colcon_core.package_identification:_identify(.) by extensions ['colcon_pkg']
[0.364s] Level 1:colcon.colcon_core.package_identification:_identify(.) by extension 'colcon_pkg'
[0.364s] Level 1:colcon.colcon_core.package_identification:_identify(.) by extensions ['colcon_meta']
[0.365s] Level 1:colcon.colcon_core.package_identification:_identify(.) by extension 'colcon_meta'
[0.365s] Level 1:colcon.colcon_core.package_identification:_identify(.) by extensions ['ros']
[0.365s] Level 1:colcon.colcon_core.package_identification:_identify(.) by extension 'ros'
[0.384s] DEBUG:colcon.colcon_core.package_identification:Package '.' with type 'ros.ament_python' and name 'my_py_pkg'
[0.384s] Level 1:colcon.colcon_core.package_discovery:discover_packages(recursive) using defaults
[0.385s] Level 1:colcon.colcon_core.package_discovery:discover_packages(ignore) discover
[0.385s] Level 1:colcon.colcon_core.package_discovery:discover_packages(ignore) using defaults
[0.385s] Level 1:colcon.colcon_core.package_discovery:discover_packages(path) discover
[0.386s] Level 1:colcon.colcon_core.package_discovery:discover_packages(path) using defaults
[0.416s] Level 1:colcon.colcon_core.package_discovery:discover_packages(prefix_path) check parameters
[0.417s] Level 1:colcon.colcon_core.package_discovery:discover_packages(prefix_path) discover
[0.420s] DEBUG:colcon.colcon_installed_package_information.package_discovery:Found 2 installed packages in /home/travharan/ros2_ws/install
[0.422s] DEBUG:colcon.colcon_installed_package_information.package_discovery:Found 270 installed packages in /opt/ros/humble
[0.425s] Level 1:colcon.colcon_core.package_discovery:discover_packages(prefix_path) using defaults
[0.511s] Level 5:colcon.colcon_core.verb:set package 'my_py_pkg' build argument 'cmake_args' from command line to 'None'
[0.511s] Level 5:colcon.colcon_core.verb:set package 'my_py_pkg' build argument 'cmake_target' from command line to 'None'
[0.511s] Level 5:colcon.colcon_core.verb:set package 'my_py_pkg' build argument 'cmake_target_skip_unavailable' from command line to 'False'
[0.512s] Level 5:colcon.colcon_core.verb:set package 'my_py_pkg' build argument 'cmake_clean_cache' from command line to 'False'
[0.512s] Level 5:colcon.colcon_core.verb:set package 'my_py_pkg' build argument 'cmake_clean_first' from command line to 'False'
[0.512s] Level 5:colcon.colcon_core.verb:set package 'my_py_pkg' build argument 'cmake_force_configure' from command line to 'False'
[0.512s] Level 5:colcon.colcon_core.verb:set package 'my_py_pkg' build argument 'ament_cmake_args' from command line to 'None'
[0.513s] Level 5:colcon.colcon_core.verb:set package 'my_py_pkg' build argument 'catkin_cmake_args' from command line to 'None'
[0.513s] Level 5:colcon.colcon_core.verb:set package 'my_py_pkg' build argument 'catkin_skip_building_tests' from command line to 'False'
[0.513s] DEBUG:colcon.colcon_core.verb:Building package 'my_py_pkg' with the following arguments: {'ament_cmake_args': None, 'build_base': '/home/travharan/ros2_ws/src/my_py_pkg/build/my_py_pkg', 'catkin_cmake_args': None, 'catkin_skip_building_tests': False, 'cmake_args': None, 'cmake_clean_cache': False, 'cmake_clean_first': False, 'cmake_force_configure': False, 'cmake_target': None, 'cmake_target_skip_unavailable': False, 'install_base': '/home/travharan/ros2_ws/src/my_py_pkg/install/my_py_pkg', 'merge_install': False, 'path': '/home/travharan/ros2_ws/src/my_py_pkg', 'symlink_install': False, 'test_result_base': None}
[0.513s] INFO:colcon.colcon_core.executor:Executing jobs using 'parallel' executor
[0.522s] DEBUG:colcon.colcon_parallel_executor.executor.parallel:run_until_complete
[0.523s] INFO:colcon.colcon_ros.task.ament_python.build:Building ROS package in '/home/travharan/ros2_ws/src/my_py_pkg' with build type 'ament_python'
[0.523s] Level 1:colcon.colcon_core.shell:create_environment_hook('my_py_pkg', 'ament_prefix_path')
[0.527s] INFO:colcon.colcon_core.plugin_system:Skipping extension 'colcon_core.shell.bat': Not used on non-Windows systems
[0.527s] INFO:colcon.colcon_core.shell:Creating environment hook '/home/travharan/ros2_ws/src/my_py_pkg/install/my_py_pkg/share/my_py_pkg/hook/ament_prefix_path.ps1'
[0.528s] INFO:colcon.colcon_core.shell:Creating environment descriptor '/home/travharan/ros2_ws/src/my_py_pkg/install/my_py_pkg/share/my_py_pkg/hook/ament_prefix_path.dsv'
[0.529s] INFO:colcon.colcon_core.shell:Creating environment hook '/home/travharan/ros2_ws/src/my_py_pkg/install/my_py_pkg/share/my_py_pkg/hook/ament_prefix_path.sh'
[0.530s] INFO:colcon.colcon_core.shell:Skip shell extension 'powershell' for command environment: Not usable outside of PowerShell
[0.530s] DEBUG:colcon.colcon_core.shell:Skip shell extension 'dsv' for command environment
[1.059s] DEBUG:colcon.colcon_parallel_executor.executor.parallel:closing loop
[1.060s] DEBUG:colcon.colcon_parallel_executor.executor.parallel:loop closed
[1.060s] DEBUG:colcon.colcon_parallel_executor.executor.parallel:run_until_complete finished with 'Command '['/usr/bin/python3', '-c', 'import sys;from contextlib import suppress;exec("with suppress(ImportError):    from setuptools.extern.packaging.specifiers    import SpecifierSet");exec("with suppress(ImportError):    from packaging.specifiers import SpecifierSet");from distutils.core import run_setup;dist = run_setup(    \'setup.py\', script_args=(\'--dry-run\',), stop_after=\'config\');skip_keys = (\'cmdclass\', \'distclass\', \'ext_modules\', \'metadata\');data = {    key: value for key, value in dist.__dict__.items()     if (        not key.startswith(\'_\') and         not callable(value) and         key not in skip_keys and         key not in dist.display_option_names    )};data[\'metadata\'] = {    k: v for k, v in dist.metadata.__dict__.items()     if k not in (\'license_files\', \'provides_extras\')};sys.stdout.buffer.write(repr(data).encode(\'utf-8\'))']' returned non-zero exit status 1.'
[1.060s] DEBUG:colcon.colcon_core.event_reactor:joining thread
[1.069s] INFO:colcon.colcon_core.plugin_system:Skipping extension 'colcon_notification.desktop_notification.terminal_notifier': Not used on non-Darwin systems
[1.070s] INFO:colcon.colcon_core.plugin_system:Skipping extension 'colcon_notification.desktop_notification.win32': Not used on non-Windows systems
[1.071s] INFO:colcon.colcon_notification.desktop_notification:Sending desktop notification using 'notify2'
[1.123s] DEBUG:colcon.colcon_core.event_reactor:joined thread
[1.124s] INFO:colcon.colcon_core.shell:Creating prefix script '/home/travharan/ros2_ws/src/my_py_pkg/install/local_setup.ps1'
[1.125s] INFO:colcon.colcon_core.shell:Creating prefix util module '/home/travharan/ros2_ws/src/my_py_pkg/install/_local_setup_util_ps1.py'
[1.127s] INFO:colcon.colcon_core.shell:Creating prefix chain script '/home/travharan/ros2_ws/src/my_py_pkg/install/setup.ps1'
[1.128s] INFO:colcon.colcon_core.shell:Creating prefix script '/home/travharan/ros2_ws/src/my_py_pkg/install/local_setup.sh'
[1.129s] INFO:colcon.colcon_core.shell:Creating prefix util module '/home/travharan/ros2_ws/src/my_py_pkg/install/_local_setup_util_sh.py'
[1.130s] INFO:colcon.colcon_core.shell:Creating prefix chain script '/home/travharan/ros2_ws/src/my_py_pkg/install/setup.sh'
[1.132s] INFO:colcon.colcon_core.shell:Creating prefix script '/home/travharan/ros2_ws/src/my_py_pkg/install/local_setup.bash'
[1.133s] INFO:colcon.colcon_core.shell:Creating prefix chain script '/home/travharan/ros2_ws/src/my_py_pkg/install/setup.bash'
[1.135s] INFO:colcon.colcon_core.shell:Creating prefix script '/home/travharan/ros2_ws/src/my_py_pkg/install/local_setup.zsh'
[1.136s] INFO:colcon.colcon_core.shell:Creating prefix chain script '/home/travharan/ros2_ws/src/my_py_pkg/install/setup.zsh'
