[0.044s] Invoking command in '/home/travharan/ros2_ws/src/build/my_cpp_pkg': CMAKE_PREFIX_PATH=${CMAKE_PREFIX_PATH}:/home/travharan/ros2_ws/install/my_py_pkg:/home/travharan/ros2_ws/src/install/my_py_pkg:/opt/ros/humble /usr/bin/cmake --build /home/travharan/ros2_ws/src/build/my_cpp_pkg -- -j2 -l2
[0.302s] -- Found ament_cmake: 1.3.8 (/opt/ros/humble/share/ament_cmake/cmake)
[0.570s] -- Found rclcpp: 16.0.8 (/opt/ros/humble/share/rclcpp/cmake)
[0.672s] -- Found rosidl_generator_c: 3.1.5 (/opt/ros/humble/share/rosidl_generator_c/cmake)
[0.682s] -- Found rosidl_adapter: 3.1.5 (/opt/ros/humble/share/rosidl_adapter/cmake)
[0.708s] -- Found rosidl_generator_cpp: 3.1.5 (/opt/ros/humble/share/rosidl_generator_cpp/cmake)
[0.748s] -- Using all available rosidl_typesupport_c: rosidl_typesupport_fastrtps_c;rosidl_typesupport_introspection_c
[0.792s] -- Using all available rosidl_typesupport_cpp: rosidl_typesupport_fastrtps_cpp;rosidl_typesupport_introspection_cpp
[0.927s] -- Found rmw_implementation_cmake: 6.1.1 (/opt/ros/humble/share/rmw_implementation_cmake/cmake)
[0.934s] -- Found rmw_fastrtps_cpp: 6.2.6 (/opt/ros/humble/share/rmw_fastrtps_cpp/cmake)
[1.169s] -- Using RMW implementation 'rmw_fastrtps_cpp' as default
[1.552s] -- Found example_interfaces: 0.9.3 (/opt/ros/humble/share/example_interfaces/cmake)
[1.794s] -- Found ament_lint_auto: 0.12.10 (/opt/ros/humble/share/ament_lint_auto/cmake)
[1.921s] -- Added test 'cppcheck' to perform static code analysis on C / C++ code
[1.922s] -- Configured cppcheck include dirs: 
[1.922s] -- Configured cppcheck exclude dirs and/or files: 
[1.923s] -- Added test 'lint_cmake' to check CMake code style
[1.925s] -- Added test 'uncrustify' to check C / C++ code style
[1.926s] -- Configured uncrustify additional arguments: 
[1.927s] -- Added test 'xmllint' to check XML markup files
[1.932s] -- Configuring done
[2.012s] -- Generating done
[2.018s] -- Build files have been written to: /home/travharan/ros2_ws/src/build/my_cpp_pkg
[2.071s] [35m[1mConsolidate compiler generated dependencies of target cpp_node[0m
[2.110s] [35m[1mConsolidate compiler generated dependencies of target robot_news_station[0m
[2.139s] [ 33%] Built target cpp_node
[2.156s] [ 66%] Built target robot_news_station
[2.219s] [ 83%] [32mBuilding CXX object CMakeFiles/smartphone.dir/src/smartphone.cpp.o[0m
[31.055s] [100%] [32m[1mLinking CXX executable smartphone[0m
[32.697s] [100%] Built target smartphone
[32.760s] Invoked command in '/home/travharan/ros2_ws/src/build/my_cpp_pkg' returned '0': CMAKE_PREFIX_PATH=${CMAKE_PREFIX_PATH}:/home/travharan/ros2_ws/install/my_py_pkg:/home/travharan/ros2_ws/src/install/my_py_pkg:/opt/ros/humble /usr/bin/cmake --build /home/travharan/ros2_ws/src/build/my_cpp_pkg -- -j2 -l2
[32.964s] Invoking command in '/home/travharan/ros2_ws/src/build/my_cpp_pkg': CMAKE_PREFIX_PATH=${CMAKE_PREFIX_PATH}:/home/travharan/ros2_ws/install/my_py_pkg:/home/travharan/ros2_ws/src/install/my_py_pkg:/opt/ros/humble /usr/bin/cmake --install /home/travharan/ros2_ws/src/build/my_cpp_pkg
[32.987s] -- Install configuration: ""
[32.989s] -- Up-to-date: /home/travharan/ros2_ws/src/install/my_cpp_pkg/lib/my_cpp_pkg/cpp_node
[32.992s] -- Up-to-date: /home/travharan/ros2_ws/src/install/my_cpp_pkg/lib/my_cpp_pkg/robot_news_station
[32.994s] -- Installing: /home/travharan/ros2_ws/src/install/my_cpp_pkg/lib/my_cpp_pkg/smartphone
[32.999s] -- Set runtime path of "/home/travharan/ros2_ws/src/install/my_cpp_pkg/lib/my_cpp_pkg/smartphone" to ""
[32.999s] -- Up-to-date: /home/travharan/ros2_ws/src/install/my_cpp_pkg/share/ament_index/resource_index/package_run_dependencies/my_cpp_pkg
[32.999s] -- Up-to-date: /home/travharan/ros2_ws/src/install/my_cpp_pkg/share/ament_index/resource_index/parent_prefix_path/my_cpp_pkg
[33.000s] -- Up-to-date: /home/travharan/ros2_ws/src/install/my_cpp_pkg/share/my_cpp_pkg/environment/ament_prefix_path.sh
[33.000s] -- Installing: /home/travharan/ros2_ws/src/install/my_cpp_pkg/share/my_cpp_pkg/environment/ament_prefix_path.dsv
[33.000s] -- Up-to-date: /home/travharan/ros2_ws/src/install/my_cpp_pkg/share/my_cpp_pkg/environment/path.sh
[33.000s] -- Installing: /home/travharan/ros2_ws/src/install/my_cpp_pkg/share/my_cpp_pkg/environment/path.dsv
[33.001s] -- Up-to-date: /home/travharan/ros2_ws/src/install/my_cpp_pkg/share/my_cpp_pkg/local_setup.bash
[33.001s] -- Up-to-date: /home/travharan/ros2_ws/src/install/my_cpp_pkg/share/my_cpp_pkg/local_setup.sh
[33.001s] -- Up-to-date: /home/travharan/ros2_ws/src/install/my_cpp_pkg/share/my_cpp_pkg/local_setup.zsh
[33.002s] -- Installing: /home/travharan/ros2_ws/src/install/my_cpp_pkg/share/my_cpp_pkg/local_setup.dsv
[33.023s] -- Installing: /home/travharan/ros2_ws/src/install/my_cpp_pkg/share/my_cpp_pkg/package.dsv
[33.023s] -- Up-to-date: /home/travharan/ros2_ws/src/install/my_cpp_pkg/share/ament_index/resource_index/packages/my_cpp_pkg
[33.023s] -- Up-to-date: /home/travharan/ros2_ws/src/install/my_cpp_pkg/share/my_cpp_pkg/cmake/my_cpp_pkgConfig.cmake
[33.024s] -- Up-to-date: /home/travharan/ros2_ws/src/install/my_cpp_pkg/share/my_cpp_pkg/cmake/my_cpp_pkgConfig-version.cmake
[33.027s] -- Up-to-date: /home/travharan/ros2_ws/src/install/my_cpp_pkg/share/my_cpp_pkg/package.xml
[33.028s] Invoked command in '/home/travharan/ros2_ws/src/build/my_cpp_pkg' returned '0': CMAKE_PREFIX_PATH=${CMAKE_PREFIX_PATH}:/home/travharan/ros2_ws/install/my_py_pkg:/home/travharan/ros2_ws/src/install/my_py_pkg:/opt/ros/humble /usr/bin/cmake --install /home/travharan/ros2_ws/src/build/my_cpp_pkg
