[0.945s] Invoking command in '/home/travharan/ros2_ws/src/my_py_pkg': PYTHONPATH=/home/travharan/ros2_ws/build/my_py_pkg/prefix_override:/home/travharan/ros2_ws/install/my_py_pkg/lib/python3.10/site-packages:${PYTHONPATH} /usr/bin/python3 -W ignore:setup.py install is deprecated setup.py egg_info --egg-base ../../build/my_py_pkg build --build-base /home/travharan/ros2_ws/build/my_py_pkg/build install --record /home/travharan/ros2_ws/build/my_py_pkg/install.log --single-version-externally-managed install_data
[1.258s] running egg_info
[1.260s] creating ../../build/my_py_pkg/my_py_pkg.egg-info
[1.262s] writing ../../build/my_py_pkg/my_py_pkg.egg-info/PKG-INFO
[1.264s] writing dependency_links to ../../build/my_py_pkg/my_py_pkg.egg-info/dependency_links.txt
[1.264s] writing entry points to ../../build/my_py_pkg/my_py_pkg.egg-info/entry_points.txt
[1.264s] writing requirements to ../../build/my_py_pkg/my_py_pkg.egg-info/requires.txt
[1.264s] writing top-level names to ../../build/my_py_pkg/my_py_pkg.egg-info/top_level.txt
[1.265s] writing manifest file '../../build/my_py_pkg/my_py_pkg.egg-info/SOURCES.txt'
[1.267s] reading manifest file '../../build/my_py_pkg/my_py_pkg.egg-info/SOURCES.txt'
[1.268s] writing manifest file '../../build/my_py_pkg/my_py_pkg.egg-info/SOURCES.txt'
[1.268s] running build
[1.268s] running build_py
[1.276s] creating /home/travharan/ros2_ws/build/my_py_pkg/build
[1.276s] creating /home/travharan/ros2_ws/build/my_py_pkg/build/lib
[1.276s] creating /home/travharan/ros2_ws/build/my_py_pkg/build/lib/my_py_pkg
[1.276s] copying my_py_pkg/__init__.py -> /home/travharan/ros2_ws/build/my_py_pkg/build/lib/my_py_pkg
[1.276s] running install
[1.277s] running install_lib
[1.277s] creating /home/travharan/ros2_ws/install/my_py_pkg/lib/python3.10/site-packages/my_py_pkg
[1.278s] copying /home/travharan/ros2_ws/build/my_py_pkg/build/lib/my_py_pkg/__init__.py -> /home/travharan/ros2_ws/install/my_py_pkg/lib/python3.10/site-packages/my_py_pkg
[1.285s] byte-compiling /home/travharan/ros2_ws/install/my_py_pkg/lib/python3.10/site-packages/my_py_pkg/__init__.py to __init__.cpython-310.pyc
[1.285s] running install_data
[1.285s] creating /home/travharan/ros2_ws/install/my_py_pkg/share/ament_index
[1.286s] creating /home/travharan/ros2_ws/install/my_py_pkg/share/ament_index/resource_index
[1.286s] creating /home/travharan/ros2_ws/install/my_py_pkg/share/ament_index/resource_index/packages
[1.286s] copying resource/my_py_pkg -> /home/travharan/ros2_ws/install/my_py_pkg/share/ament_index/resource_index/packages
[1.286s] copying package.xml -> /home/travharan/ros2_ws/install/my_py_pkg/share/my_py_pkg
[1.286s] running install_egg_info
[1.286s] Copying ../../build/my_py_pkg/my_py_pkg.egg-info to /home/travharan/ros2_ws/install/my_py_pkg/lib/python3.10/site-packages/my_py_pkg-0.0.0-py3.10.egg-info
[1.286s] running install_scripts
[1.312s] writing list of installed files to '/home/travharan/ros2_ws/build/my_py_pkg/install.log'
[1.344s] Invoked command in '/home/travharan/ros2_ws/src/my_py_pkg' returned '0': PYTHONPATH=/home/travharan/ros2_ws/build/my_py_pkg/prefix_override:/home/travharan/ros2_ws/install/my_py_pkg/lib/python3.10/site-packages:${PYTHONPATH} /usr/bin/python3 -W ignore:setup.py install is deprecated setup.py egg_info --egg-base ../../build/my_py_pkg build --build-base /home/travharan/ros2_ws/build/my_py_pkg/build install --record /home/travharan/ros2_ws/build/my_py_pkg/install.log --single-version-externally-managed install_data
