[0.920s] Invoking command in '/home/travharan/ros2_ws/build/my_py_pkg': PYTHONPATH=/home/travharan/ros2_ws/build/my_py_pkg/prefix_override:/home/travharan/ros2_ws/install/my_py_pkg/lib/python3.10/site-packages:${PYTHONPATH} /usr/bin/python3 -W ignore:setup.py install is deprecated setup.py develop --uninstall --editable --build-directory /home/travharan/ros2_ws/build/my_py_pkg/build
[1.305s] running develop
[1.306s] /usr/lib/python3/dist-packages/setuptools/command/easy_install.py:158: EasyInstallDeprecationWarning: easy_install command is deprecated. Use build and pip and other standards-based tools.
[1.306s]   warnings.warn(
[1.515s] Removing /home/travharan/ros2_ws/install/my_py_pkg/lib/python3.10/site-packages/my-py-pkg.egg-link (link to .)
[1.560s] Invoked command in '/home/travharan/ros2_ws/build/my_py_pkg' returned '0': PYTHONPATH=/home/travharan/ros2_ws/build/my_py_pkg/prefix_override:/home/travharan/ros2_ws/install/my_py_pkg/lib/python3.10/site-packages:${PYTHONPATH} /usr/bin/python3 -W ignore:setup.py install is deprecated setup.py develop --uninstall --editable --build-directory /home/travharan/ros2_ws/build/my_py_pkg/build
[1.561s] Invoking command in '/home/travharan/ros2_ws/src/my_py_pkg': PYTHONPATH=/home/travharan/ros2_ws/build/my_py_pkg/prefix_override:/home/travharan/ros2_ws/install/my_py_pkg/lib/python3.10/site-packages:${PYTHONPATH} /usr/bin/python3 -W ignore:setup.py install is deprecated setup.py egg_info --egg-base ../../build/my_py_pkg build --build-base /home/travharan/ros2_ws/build/my_py_pkg/build install --record /home/travharan/ros2_ws/build/my_py_pkg/install.log --single-version-externally-managed install_data --force
[1.882s] running egg_info
[1.884s] writing ../../build/my_py_pkg/my_py_pkg.egg-info/PKG-INFO
[1.884s] writing dependency_links to ../../build/my_py_pkg/my_py_pkg.egg-info/dependency_links.txt
[1.885s] writing entry points to ../../build/my_py_pkg/my_py_pkg.egg-info/entry_points.txt
[1.885s] writing requirements to ../../build/my_py_pkg/my_py_pkg.egg-info/requires.txt
[1.886s] writing top-level names to ../../build/my_py_pkg/my_py_pkg.egg-info/top_level.txt
[1.888s] reading manifest file '../../build/my_py_pkg/my_py_pkg.egg-info/SOURCES.txt'
[1.889s] writing manifest file '../../build/my_py_pkg/my_py_pkg.egg-info/SOURCES.txt'
[1.890s] running build
[1.890s] running build_py
[1.890s] running install
[1.891s] running install_lib
[1.892s] creating /home/travharan/ros2_ws/install/my_py_pkg/lib/python3.10/site-packages/my_py_pkg
[1.892s] copying /home/travharan/ros2_ws/build/my_py_pkg/build/lib/my_py_pkg/my_first_node.py -> /home/travharan/ros2_ws/install/my_py_pkg/lib/python3.10/site-packages/my_py_pkg
[1.892s] copying /home/travharan/ros2_ws/build/my_py_pkg/build/lib/my_py_pkg/__init__.py -> /home/travharan/ros2_ws/install/my_py_pkg/lib/python3.10/site-packages/my_py_pkg
[1.893s] copying /home/travharan/ros2_ws/build/my_py_pkg/build/lib/my_py_pkg/oop_node_template.py -> /home/travharan/ros2_ws/install/my_py_pkg/lib/python3.10/site-packages/my_py_pkg
[1.894s] copying /home/travharan/ros2_ws/build/my_py_pkg/build/lib/my_py_pkg/robot_news_station.py -> /home/travharan/ros2_ws/install/my_py_pkg/lib/python3.10/site-packages/my_py_pkg
[1.894s] byte-compiling /home/travharan/ros2_ws/install/my_py_pkg/lib/python3.10/site-packages/my_py_pkg/my_first_node.py to my_first_node.cpython-310.pyc
[1.895s] byte-compiling /home/travharan/ros2_ws/install/my_py_pkg/lib/python3.10/site-packages/my_py_pkg/__init__.py to __init__.cpython-310.pyc
[1.896s] byte-compiling /home/travharan/ros2_ws/install/my_py_pkg/lib/python3.10/site-packages/my_py_pkg/oop_node_template.py to oop_node_template.cpython-310.pyc
[1.897s] byte-compiling /home/travharan/ros2_ws/install/my_py_pkg/lib/python3.10/site-packages/my_py_pkg/robot_news_station.py to robot_news_station.cpython-310.pyc
[1.897s] running install_data
[1.897s] copying resource/my_py_pkg -> /home/travharan/ros2_ws/install/my_py_pkg/share/ament_index/resource_index/packages
[1.898s] copying package.xml -> /home/travharan/ros2_ws/install/my_py_pkg/share/my_py_pkg
[1.898s] running install_egg_info
[1.900s] Copying ../../build/my_py_pkg/my_py_pkg.egg-info to /home/travharan/ros2_ws/install/my_py_pkg/lib/python3.10/site-packages/my_py_pkg-0.0.0-py3.10.egg-info
[1.903s] running install_scripts
[1.931s] Installing py_node script to /home/travharan/ros2_ws/install/my_py_pkg/lib/my_py_pkg
[1.931s] Installing robot_news_station script to /home/travharan/ros2_ws/install/my_py_pkg/lib/my_py_pkg
[1.932s] writing list of installed files to '/home/travharan/ros2_ws/build/my_py_pkg/install.log'
[1.958s] Invoked command in '/home/travharan/ros2_ws/src/my_py_pkg' returned '0': PYTHONPATH=/home/travharan/ros2_ws/build/my_py_pkg/prefix_override:/home/travharan/ros2_ws/install/my_py_pkg/lib/python3.10/site-packages:${PYTHONPATH} /usr/bin/python3 -W ignore:setup.py install is deprecated setup.py egg_info --egg-base ../../build/my_py_pkg build --build-base /home/travharan/ros2_ws/build/my_py_pkg/build install --record /home/travharan/ros2_ws/build/my_py_pkg/install.log --single-version-externally-managed install_data --force
