[0.038s] Invoking command in '/home/travharan/ros2_ws/src/build/my_cpp_pkg': CMAKE_PREFIX_PATH=/opt/ros/humble /usr/bin/cmake /home/travharan/ros2_ws/src/my_cpp_pkg -DCMAKE_INSTALL_PREFIX=/home/travharan/ros2_ws/src/install/my_cpp_pkg
[0.242s] -- The C compiler identification is GNU 11.4.0
[0.479s] -- The CXX compiler identification is GNU 11.4.0
[0.516s] -- Detecting C compiler ABI info
[0.701s] -- Detecting C compiler ABI info - done
[0.712s] -- Check for working C compiler: /usr/bin/cc - skipped
[0.713s] -- Detecting C compile features
[0.715s] -- Detecting C compile features - done
[0.719s] -- Detecting CXX compiler ABI info
[0.845s] -- Detecting CXX compiler ABI info - done
[0.859s] -- Check for working CXX compiler: /usr/bin/c++ - skipped
[0.860s] -- Detecting CXX compile features
[0.860s] -- Detecting CXX compile features - done
[0.861s] -- Found ament_cmake: 1.3.8 (/opt/ros/humble/share/ament_cmake/cmake)
[1.165s] -- Found Python3: /usr/bin/python3 (found version "3.10.12") found components: Interpreter 
[1.318s] -- Found rclcpp: 16.0.8 (/opt/ros/humble/share/rclcpp/cmake)
[1.396s] -- Found rosidl_generator_c: 3.1.5 (/opt/ros/humble/share/rosidl_generator_c/cmake)
[1.403s] -- Found rosidl_adapter: 3.1.5 (/opt/ros/humble/share/rosidl_adapter/cmake)
[1.415s] -- Found rosidl_generator_cpp: 3.1.5 (/opt/ros/humble/share/rosidl_generator_cpp/cmake)
[1.435s] -- Using all available rosidl_typesupport_c: rosidl_typesupport_fastrtps_c;rosidl_typesupport_introspection_c
[1.462s] -- Using all available rosidl_typesupport_cpp: rosidl_typesupport_fastrtps_cpp;rosidl_typesupport_introspection_cpp
[1.576s] -- Found rmw_implementation_cmake: 6.1.1 (/opt/ros/humble/share/rmw_implementation_cmake/cmake)
[1.579s] -- Found rmw_fastrtps_cpp: 6.2.6 (/opt/ros/humble/share/rmw_fastrtps_cpp/cmake)
[1.787s] -- Found OpenSSL: /usr/lib/x86_64-linux-gnu/libcrypto.so (found version "3.0.2")  
[1.834s] -- Found FastRTPS: /opt/ros/humble/include  
[1.923s] -- Using RMW implementation 'rmw_fastrtps_cpp' as default
[1.935s] -- Looking for pthread.h
[2.075s] -- Looking for pthread.h - found
[2.076s] -- Performing Test CMAKE_HAVE_LIBC_PTHREAD
[2.185s] -- Performing Test CMAKE_HAVE_LIBC_PTHREAD - Success
[2.187s] -- Found Threads: TRUE  
[2.443s] -- Found ament_lint_auto: 0.12.10 (/opt/ros/humble/share/ament_lint_auto/cmake)
[2.537s] -- Added test 'lint_cmake' to check CMake code style
[2.538s] -- Added test 'xmllint' to check XML markup files
[2.539s] -- Configuring done
[2.559s] -- Generating done
[2.564s] -- Build files have been written to: /home/travharan/ros2_ws/src/build/my_cpp_pkg
[2.579s] Invoked command in '/home/travharan/ros2_ws/src/build/my_cpp_pkg' returned '0': CMAKE_PREFIX_PATH=/opt/ros/humble /usr/bin/cmake /home/travharan/ros2_ws/src/my_cpp_pkg -DCMAKE_INSTALL_PREFIX=/home/travharan/ros2_ws/src/install/my_cpp_pkg
[2.580s] Invoking command in '/home/travharan/ros2_ws/src/build/my_cpp_pkg': CMAKE_PREFIX_PATH=/opt/ros/humble /usr/bin/cmake --build /home/travharan/ros2_ws/src/build/my_cpp_pkg -- -j2 -l2
[2.641s] Invoked command in '/home/travharan/ros2_ws/src/build/my_cpp_pkg' returned '0': CMAKE_PREFIX_PATH=/opt/ros/humble /usr/bin/cmake --build /home/travharan/ros2_ws/src/build/my_cpp_pkg -- -j2 -l2
[2.706s] Invoking command in '/home/travharan/ros2_ws/src/build/my_cpp_pkg': CMAKE_PREFIX_PATH=/opt/ros/humble /usr/bin/cmake --install /home/travharan/ros2_ws/src/build/my_cpp_pkg
[2.718s] -- Install configuration: ""
[2.719s] -- Installing: /home/travharan/ros2_ws/src/install/my_cpp_pkg/share/ament_index/resource_index/package_run_dependencies/my_cpp_pkg
[2.720s] -- Installing: /home/travharan/ros2_ws/src/install/my_cpp_pkg/share/ament_index/resource_index/parent_prefix_path/my_cpp_pkg
[2.721s] -- Installing: /home/travharan/ros2_ws/src/install/my_cpp_pkg/share/my_cpp_pkg/environment/ament_prefix_path.sh
[2.722s] -- Installing: /home/travharan/ros2_ws/src/install/my_cpp_pkg/share/my_cpp_pkg/environment/ament_prefix_path.dsv
[2.723s] -- Installing: /home/travharan/ros2_ws/src/install/my_cpp_pkg/share/my_cpp_pkg/environment/path.sh
[2.724s] -- Installing: /home/travharan/ros2_ws/src/install/my_cpp_pkg/share/my_cpp_pkg/environment/path.dsv
[2.725s] -- Installing: /home/travharan/ros2_ws/src/install/my_cpp_pkg/share/my_cpp_pkg/local_setup.bash
[2.728s] -- Installing: /home/travharan/ros2_ws/src/install/my_cpp_pkg/share/my_cpp_pkg/local_setup.sh
[2.729s] -- Installing: /home/travharan/ros2_ws/src/install/my_cpp_pkg/share/my_cpp_pkg/local_setup.zsh
[2.729s] -- Installing: /home/travharan/ros2_ws/src/install/my_cpp_pkg/share/my_cpp_pkg/local_setup.dsv
[2.730s] -- Installing: /home/travharan/ros2_ws/src/install/my_cpp_pkg/share/my_cpp_pkg/package.dsv
[2.730s] -- Installing: /home/travharan/ros2_ws/src/install/my_cpp_pkg/share/ament_index/resource_index/packages/my_cpp_pkg
[2.733s] -- Installing: /home/travharan/ros2_ws/src/install/my_cpp_pkg/share/my_cpp_pkg/cmake/my_cpp_pkgConfig.cmake
[2.733s] -- Installing: /home/travharan/ros2_ws/src/install/my_cpp_pkg/share/my_cpp_pkg/cmake/my_cpp_pkgConfig-version.cmake
[2.733s] -- Installing: /home/travharan/ros2_ws/src/install/my_cpp_pkg/share/my_cpp_pkg/package.xml
[2.734s] Invoked command in '/home/travharan/ros2_ws/src/build/my_cpp_pkg' returned '0': CMAKE_PREFIX_PATH=/opt/ros/humble /usr/bin/cmake --install /home/travharan/ros2_ws/src/build/my_cpp_pkg
