[0.916s] Invoking command in '/home/travharan/ros2_ws/build/my_py_pkg': PYTHONPATH=/home/travharan/ros2_ws/build/my_py_pkg/prefix_override:/home/travharan/ros2_ws/install/my_py_pkg/lib/python3.10/site-packages:${PYTHONPATH} /usr/bin/python3 -W ignore:setup.py install is deprecated setup.py develop --editable --build-directory /home/travharan/ros2_ws/build/my_py_pkg/build --no-deps symlink_data --force
[1.318s] running develop
[1.692s] running egg_info
[1.693s] writing my_py_pkg.egg-info/PKG-INFO
[1.694s] writing dependency_links to my_py_pkg.egg-info/dependency_links.txt
[1.696s] writing entry points to my_py_pkg.egg-info/entry_points.txt
[1.696s] writing requirements to my_py_pkg.egg-info/requires.txt
[1.697s] writing top-level names to my_py_pkg.egg-info/top_level.txt
[1.702s] reading manifest file 'my_py_pkg.egg-info/SOURCES.txt'
[1.704s] writing manifest file 'my_py_pkg.egg-info/SOURCES.txt'
[1.707s] running build_ext
[1.707s] Creating /home/travharan/ros2_ws/install/my_py_pkg/lib/python3.10/site-packages/my-py-pkg.egg-link (link to .)
[1.708s] Installing py_node script to /home/travharan/ros2_ws/install/my_py_pkg/lib/my_py_pkg
[1.709s] Installing robot_news_station script to /home/travharan/ros2_ws/install/my_py_pkg/lib/my_py_pkg
[1.710s] 
[1.710s] Installed /home/travharan/ros2_ws/build/my_py_pkg
[1.710s] running symlink_data
[1.710s] symbolically linking /home/travharan/ros2_ws/build/my_py_pkg/resource/my_py_pkg -> /home/travharan/ros2_ws/install/my_py_pkg/share/ament_index/resource_index/packages
[1.713s] symbolically linking /home/travharan/ros2_ws/build/my_py_pkg/package.xml -> /home/travharan/ros2_ws/install/my_py_pkg/share/my_py_pkg
[1.792s] Invoked command in '/home/travharan/ros2_ws/build/my_py_pkg' returned '0': PYTHONPATH=/home/travharan/ros2_ws/build/my_py_pkg/prefix_override:/home/travharan/ros2_ws/install/my_py_pkg/lib/python3.10/site-packages:${PYTHONPATH} /usr/bin/python3 -W ignore:setup.py install is deprecated setup.py develop --editable --build-directory /home/travharan/ros2_ws/build/my_py_pkg/build --no-deps symlink_data --force
