[0.026s] Invoking command in '/home/travharan/ros2_ws/src/build/my_cpp_pkg': CMAKE_PREFIX_PATH=${CMAKE_PREFIX_PATH}:/home/travharan/ros2_ws/install/my_py_pkg:/opt/ros/humble /usr/bin/cmake --build /home/travharan/ros2_ws/src/build/my_cpp_pkg -- -j2 -l2
[0.129s] [ 16%] Built target robot_news_station
[0.131s] [ 33%] Built target cpp_node
[0.175s] [ 50%] Built target smartphone
[0.231s] [ 66%] Built target number_publisher
[0.244s] [ 83%] Built target number_counter
[0.262s] [35m[1mConsolidate compiler generated dependencies of target add_two_ints_server[0m
[0.291s] [ 91%] [32mBuilding CXX object CMakeFiles/add_two_ints_server.dir/src/add_two_ints_server.cpp.o[0m
[4.147s] In file included from [01m[K/opt/ros/humble/include/rclcpp/rclcpp/logging.hpp:24[m[K,
[4.147s]                  from [01m[K/opt/ros/humble/include/rclcpp/rclcpp/client.hpp:40[m[K,
[4.147s]                  from [01m[K/opt/ros/humble/include/rclcpp/rclcpp/callback_group.hpp:24[m[K,
[4.148s]                  from [01m[K/opt/ros/humble/include/rclcpp/rclcpp/any_executable.hpp:20[m[K,
[4.148s]                  from [01m[K/opt/ros/humble/include/rclcpp/rclcpp/memory_strategy.hpp:25[m[K,
[4.148s]                  from [01m[K/opt/ros/humble/include/rclcpp/rclcpp/memory_strategies.hpp:18[m[K,
[4.148s]                  from [01m[K/opt/ros/humble/include/rclcpp/rclcpp/executor_options.hpp:20[m[K,
[4.148s]                  from [01m[K/opt/ros/humble/include/rclcpp/rclcpp/executor.hpp:37[m[K,
[4.148s]                  from [01m[K/opt/ros/humble/include/rclcpp/rclcpp/executors/multi_threaded_executor.hpp:25[m[K,
[4.148s]                  from [01m[K/opt/ros/humble/include/rclcpp/rclcpp/executors.hpp:21[m[K,
[4.148s]                  from [01m[K/opt/ros/humble/include/rclcpp/rclcpp/rclcpp.hpp:155[m[K,
[4.148s]                  from [01m[K/home/travharan/ros2_ws/src/my_cpp_pkg/src/add_two_ints_server.cpp:1[m[K:
[4.148s] [01m[K/home/travharan/ros2_ws/src/my_cpp_pkg/src/add_two_ints_server.cpp:[m[K In member function ‘[01m[Kvoid AddTwoIntsServerNode::callbackAddTwoInts(example_interfaces::srv::AddTwoInts_Request_<std::allocator<void> >::SharedPtr, example_interfaces::srv::AddTwoInts_Response_<std::allocator<void> >::SharedPtr)[m[K’:
[4.148s] [01m[K/home/travharan/ros2_ws/src/my_cpp_pkg/src/add_two_ints_server.cpp:23:41:[m[K [01;35m[Kwarning: [m[Kformat ‘[01m[K%d[m[K’ expects argument of type ‘[01m[Kint[m[K’, but argument 5 has type ‘[01m[Kexample_interfaces::srv::AddTwoInts_Request_<std::allocator<void> >::_a_type[m[K’ {aka ‘[01m[Klong int[m[K’} [[01;35m[K]8;;https://gcc.gnu.org/onlinedocs/gcc/Warning-Options.html#index-Wformat=-Wformat=]8;;[m[K]
[4.148s]    23 |         RCLCPP_INFO(this->get_logger(), [01;35m[K"%d + %d = %ld"[m[K, [32m[Krequest->a[m[K, request->b, response->sum);
[4.149s]       |                                         [01;35m[K^~~~~~~~~~~~~~~[m[K  [32m[K~~~~~~~~~~[m[K
[4.149s]       |                                                                   [32m[K|[m[K
[4.149s]       |                                                                   [32m[Kexample_interfaces::srv::AddTwoInts_Request_<std::allocator<void> >::_a_type {aka long int}[m[K
[4.149s] [01m[K/home/travharan/ros2_ws/src/my_cpp_pkg/src/add_two_ints_server.cpp:23:43:[m[K [01;36m[Knote: [m[Kformat string is defined here
[4.149s]    23 |         RCLCPP_INFO(this->get_logger(), "[01;36m[K%d[m[K + %d = %ld", request->a, request->b, response->sum);
[4.149s]       |                                          [01;36m[K~^[m[K
[4.149s]       |                                           [01;36m[K|[m[K
[4.149s]       |                                           [01;36m[Kint[m[K
[4.149s]       |                                          [32m[K%ld[m[K
[4.149s] In file included from [01m[K/opt/ros/humble/include/rclcpp/rclcpp/logging.hpp:24[m[K,
[4.149s]                  from [01m[K/opt/ros/humble/include/rclcpp/rclcpp/client.hpp:40[m[K,
[4.149s]                  from [01m[K/opt/ros/humble/include/rclcpp/rclcpp/callback_group.hpp:24[m[K,
[4.149s]                  from [01m[K/opt/ros/humble/include/rclcpp/rclcpp/any_executable.hpp:20[m[K,
[4.150s]                  from [01m[K/opt/ros/humble/include/rclcpp/rclcpp/memory_strategy.hpp:25[m[K,
[4.150s]                  from [01m[K/opt/ros/humble/include/rclcpp/rclcpp/memory_strategies.hpp:18[m[K,
[4.150s]                  from [01m[K/opt/ros/humble/include/rclcpp/rclcpp/executor_options.hpp:20[m[K,
[4.150s]                  from [01m[K/opt/ros/humble/include/rclcpp/rclcpp/executor.hpp:37[m[K,
[4.150s]                  from [01m[K/opt/ros/humble/include/rclcpp/rclcpp/executors/multi_threaded_executor.hpp:25[m[K,
[4.150s]                  from [01m[K/opt/ros/humble/include/rclcpp/rclcpp/executors.hpp:21[m[K,
[4.150s]                  from [01m[K/opt/ros/humble/include/rclcpp/rclcpp/rclcpp.hpp:155[m[K,
[4.150s]                  from [01m[K/home/travharan/ros2_ws/src/my_cpp_pkg/src/add_two_ints_server.cpp:1[m[K:
[4.150s] [01m[K/home/travharan/ros2_ws/src/my_cpp_pkg/src/add_two_ints_server.cpp:23:41:[m[K [01;35m[Kwarning: [m[Kformat ‘[01m[K%d[m[K’ expects argument of type ‘[01m[Kint[m[K’, but argument 6 has type ‘[01m[Kexample_interfaces::srv::AddTwoInts_Request_<std::allocator<void> >::_b_type[m[K’ {aka ‘[01m[Klong int[m[K’} [[01;35m[K]8;;https://gcc.gnu.org/onlinedocs/gcc/Warning-Options.html#index-Wformat=-Wformat=]8;;[m[K]
[4.150s]    23 |         RCLCPP_INFO(this->get_logger(), [01;35m[K"%d + %d = %ld"[m[K, request->a, [32m[Krequest->b[m[K, response->sum);
[4.150s]       |                                         [01;35m[K^~~~~~~~~~~~~~~[m[K              [32m[K~~~~~~~~~~[m[K
[4.150s]       |                                                                               [32m[K|[m[K
[4.151s]       |                                                                               [32m[Kexample_interfaces::srv::AddTwoInts_Request_<std::allocator<void> >::_b_type {aka long int}[m[K
[4.151s] [01m[K/home/travharan/ros2_ws/src/my_cpp_pkg/src/add_two_ints_server.cpp:23:48:[m[K [01;36m[Knote: [m[Kformat string is defined here
[4.151s]    23 |         RCLCPP_INFO(this->get_logger(), "%d + [01;36m[K%d[m[K = %ld", request->a, request->b, response->sum);
[4.151s]       |                                               [01;36m[K~^[m[K
[4.151s]       |                                                [01;36m[K|[m[K
[4.151s]       |                                                [01;36m[Kint[m[K
[4.151s]       |                                               [32m[K%ld[m[K
[5.780s] [100%] [32m[1mLinking CXX executable add_two_ints_server[0m
[6.059s] [100%] Built target add_two_ints_server
[6.081s] Invoked command in '/home/travharan/ros2_ws/src/build/my_cpp_pkg' returned '0': CMAKE_PREFIX_PATH=${CMAKE_PREFIX_PATH}:/home/travharan/ros2_ws/install/my_py_pkg:/opt/ros/humble /usr/bin/cmake --build /home/travharan/ros2_ws/src/build/my_cpp_pkg -- -j2 -l2
[6.257s] Invoking command in '/home/travharan/ros2_ws/src/build/my_cpp_pkg': CMAKE_PREFIX_PATH=${CMAKE_PREFIX_PATH}:/home/travharan/ros2_ws/install/my_py_pkg:/opt/ros/humble /usr/bin/cmake --install /home/travharan/ros2_ws/src/build/my_cpp_pkg
[6.268s] -- Install configuration: ""
[6.268s] -- Up-to-date: /home/travharan/ros2_ws/src/install/my_cpp_pkg/lib/my_cpp_pkg/cpp_node
[6.271s] -- Up-to-date: /home/travharan/ros2_ws/src/install/my_cpp_pkg/lib/my_cpp_pkg/robot_news_station
[6.271s] -- Up-to-date: /home/travharan/ros2_ws/src/install/my_cpp_pkg/lib/my_cpp_pkg/smartphone
[6.272s] -- Up-to-date: /home/travharan/ros2_ws/src/install/my_cpp_pkg/lib/my_cpp_pkg/number_publisher
[6.272s] -- Up-to-date: /home/travharan/ros2_ws/src/install/my_cpp_pkg/lib/my_cpp_pkg/number_counter
[6.272s] -- Installing: /home/travharan/ros2_ws/src/install/my_cpp_pkg/lib/my_cpp_pkg/add_two_ints_server
[6.280s] -- Set runtime path of "/home/travharan/ros2_ws/src/install/my_cpp_pkg/lib/my_cpp_pkg/add_two_ints_server" to ""
[6.281s] -- Up-to-date: /home/travharan/ros2_ws/src/install/my_cpp_pkg/share/ament_index/resource_index/package_run_dependencies/my_cpp_pkg
[6.281s] -- Up-to-date: /home/travharan/ros2_ws/src/install/my_cpp_pkg/share/ament_index/resource_index/parent_prefix_path/my_cpp_pkg
[6.281s] -- Up-to-date: /home/travharan/ros2_ws/src/install/my_cpp_pkg/share/my_cpp_pkg/environment/ament_prefix_path.sh
[6.281s] -- Up-to-date: /home/travharan/ros2_ws/src/install/my_cpp_pkg/share/my_cpp_pkg/environment/ament_prefix_path.dsv
[6.281s] -- Up-to-date: /home/travharan/ros2_ws/src/install/my_cpp_pkg/share/my_cpp_pkg/environment/path.sh
[6.281s] -- Up-to-date: /home/travharan/ros2_ws/src/install/my_cpp_pkg/share/my_cpp_pkg/environment/path.dsv
[6.281s] -- Up-to-date: /home/travharan/ros2_ws/src/install/my_cpp_pkg/share/my_cpp_pkg/local_setup.bash
[6.281s] -- Up-to-date: /home/travharan/ros2_ws/src/install/my_cpp_pkg/share/my_cpp_pkg/local_setup.sh
[6.282s] -- Up-to-date: /home/travharan/ros2_ws/src/install/my_cpp_pkg/share/my_cpp_pkg/local_setup.zsh
[6.282s] -- Up-to-date: /home/travharan/ros2_ws/src/install/my_cpp_pkg/share/my_cpp_pkg/local_setup.dsv
[6.282s] -- Installing: /home/travharan/ros2_ws/src/install/my_cpp_pkg/share/my_cpp_pkg/package.dsv
[6.282s] -- Up-to-date: /home/travharan/ros2_ws/src/install/my_cpp_pkg/share/ament_index/resource_index/packages/my_cpp_pkg
[6.282s] -- Up-to-date: /home/travharan/ros2_ws/src/install/my_cpp_pkg/share/my_cpp_pkg/cmake/my_cpp_pkgConfig.cmake
[6.283s] -- Up-to-date: /home/travharan/ros2_ws/src/install/my_cpp_pkg/share/my_cpp_pkg/cmake/my_cpp_pkgConfig-version.cmake
[6.283s] -- Up-to-date: /home/travharan/ros2_ws/src/install/my_cpp_pkg/share/my_cpp_pkg/package.xml
[6.304s] Invoked command in '/home/travharan/ros2_ws/src/build/my_cpp_pkg' returned '0': CMAKE_PREFIX_PATH=${CMAKE_PREFIX_PATH}:/home/travharan/ros2_ws/install/my_py_pkg:/opt/ros/humble /usr/bin/cmake --install /home/travharan/ros2_ws/src/build/my_cpp_pkg
