[0.020s] Invoking command in '/home/travharan/ros2_ws/src/build/my_cpp_pkg': CMAKE_PREFIX_PATH=${CMAKE_PREFIX_PATH}:/home/travharan/ros2_ws/install/my_py_pkg:/opt/ros/humble /usr/bin/cmake --build /home/travharan/ros2_ws/src/build/my_cpp_pkg -- -j2 -l2
[0.148s] [ 50%] [32mBuilding CXX object CMakeFiles/cpp_node.dir/src/my_first_node.cpp.o[0m
[10.178s] [100%] [32m[1mLinking CXX executable cpp_node[0m
[10.407s] [100%] Built target cpp_node
[10.457s] Invoked command in '/home/travharan/ros2_ws/src/build/my_cpp_pkg' returned '0': CMAKE_PREFIX_PATH=${CMAKE_PREFIX_PATH}:/home/travharan/ros2_ws/install/my_py_pkg:/opt/ros/humble /usr/bin/cmake --build /home/travharan/ros2_ws/src/build/my_cpp_pkg -- -j2 -l2
[10.592s] Invoking command in '/home/travharan/ros2_ws/src/build/my_cpp_pkg': CMAKE_PREFIX_PATH=${CMAKE_PREFIX_PATH}:/home/travharan/ros2_ws/install/my_py_pkg:/opt/ros/humble /usr/bin/cmake --install /home/travharan/ros2_ws/src/build/my_cpp_pkg
[10.624s] -- Install configuration: ""
[10.626s] -- Installing: /home/travharan/ros2_ws/src/install/my_cpp_pkg/lib/my_cpp_pkg/cpp_node
[10.628s] -- Set runtime path of "/home/travharan/ros2_ws/src/install/my_cpp_pkg/lib/my_cpp_pkg/cpp_node" to ""
[10.628s] -- Up-to-date: /home/travharan/ros2_ws/src/install/my_cpp_pkg/share/ament_index/resource_index/package_run_dependencies/my_cpp_pkg
[10.628s] -- Up-to-date: /home/travharan/ros2_ws/src/install/my_cpp_pkg/share/ament_index/resource_index/parent_prefix_path/my_cpp_pkg
[10.629s] -- Up-to-date: /home/travharan/ros2_ws/src/install/my_cpp_pkg/share/my_cpp_pkg/environment/ament_prefix_path.sh
[10.629s] -- Up-to-date: /home/travharan/ros2_ws/src/install/my_cpp_pkg/share/my_cpp_pkg/environment/ament_prefix_path.dsv
[10.631s] -- Up-to-date: /home/travharan/ros2_ws/src/install/my_cpp_pkg/share/my_cpp_pkg/environment/path.sh
[10.631s] -- Up-to-date: /home/travharan/ros2_ws/src/install/my_cpp_pkg/share/my_cpp_pkg/environment/path.dsv
[10.632s] -- Up-to-date: /home/travharan/ros2_ws/src/install/my_cpp_pkg/share/my_cpp_pkg/local_setup.bash
[10.632s] -- Up-to-date: /home/travharan/ros2_ws/src/install/my_cpp_pkg/share/my_cpp_pkg/local_setup.sh
[10.632s] -- Up-to-date: /home/travharan/ros2_ws/src/install/my_cpp_pkg/share/my_cpp_pkg/local_setup.zsh
[10.632s] -- Up-to-date: /home/travharan/ros2_ws/src/install/my_cpp_pkg/share/my_cpp_pkg/local_setup.dsv
[10.632s] -- Installing: /home/travharan/ros2_ws/src/install/my_cpp_pkg/share/my_cpp_pkg/package.dsv
[10.632s] -- Up-to-date: /home/travharan/ros2_ws/src/install/my_cpp_pkg/share/ament_index/resource_index/packages/my_cpp_pkg
[10.632s] -- Up-to-date: /home/travharan/ros2_ws/src/install/my_cpp_pkg/share/my_cpp_pkg/cmake/my_cpp_pkgConfig.cmake
[10.632s] -- Up-to-date: /home/travharan/ros2_ws/src/install/my_cpp_pkg/share/my_cpp_pkg/cmake/my_cpp_pkgConfig-version.cmake
[10.633s] -- Up-to-date: /home/travharan/ros2_ws/src/install/my_cpp_pkg/share/my_cpp_pkg/package.xml
[10.672s] Invoked command in '/home/travharan/ros2_ws/src/build/my_cpp_pkg' returned '0': CMAKE_PREFIX_PATH=${CMAKE_PREFIX_PATH}:/home/travharan/ros2_ws/install/my_py_pkg:/opt/ros/humble /usr/bin/cmake --install /home/travharan/ros2_ws/src/build/my_cpp_pkg
