[1.178s] Invoking command in '/home/travharan/ros2_ws/src/my_py_pkg': PYTHONPATH=/home/travharan/ros2_ws/src/build/my_py_pkg/prefix_override:/home/travharan/ros2_ws/src/install/my_py_pkg/lib/python3.10/site-packages:${PYTHONPATH} /usr/bin/python3 -W ignore:setup.py install is deprecated setup.py egg_info --egg-base ../build/my_py_pkg build --build-base /home/travharan/ros2_ws/src/build/my_py_pkg/build install --record /home/travharan/ros2_ws/src/build/my_py_pkg/install.log --single-version-externally-managed install_data
[1.598s] running egg_info
[1.598s] creating ../build/my_py_pkg/my_py_pkg.egg-info
[1.600s] writing ../build/my_py_pkg/my_py_pkg.egg-info/PKG-INFO
[1.601s] writing dependency_links to ../build/my_py_pkg/my_py_pkg.egg-info/dependency_links.txt
[1.603s] writing entry points to ../build/my_py_pkg/my_py_pkg.egg-info/entry_points.txt
[1.604s] writing requirements to ../build/my_py_pkg/my_py_pkg.egg-info/requires.txt
[1.605s] writing top-level names to ../build/my_py_pkg/my_py_pkg.egg-info/top_level.txt
[1.607s] writing manifest file '../build/my_py_pkg/my_py_pkg.egg-info/SOURCES.txt'
[1.613s] reading manifest file '../build/my_py_pkg/my_py_pkg.egg-info/SOURCES.txt'
[1.615s] writing manifest file '../build/my_py_pkg/my_py_pkg.egg-info/SOURCES.txt'
[1.616s] running build
[1.616s] running build_py
[1.618s] creating /home/travharan/ros2_ws/src/build/my_py_pkg/build
[1.619s] creating /home/travharan/ros2_ws/src/build/my_py_pkg/build/lib
[1.620s] creating /home/travharan/ros2_ws/src/build/my_py_pkg/build/lib/my_py_pkg
[1.621s] copying my_py_pkg/__init__.py -> /home/travharan/ros2_ws/src/build/my_py_pkg/build/lib/my_py_pkg
[1.623s] running install
[1.624s] running install_lib
[1.626s] creating /home/travharan/ros2_ws/src/install/my_py_pkg/lib/python3.10/site-packages/my_py_pkg
[1.627s] copying /home/travharan/ros2_ws/src/build/my_py_pkg/build/lib/my_py_pkg/__init__.py -> /home/travharan/ros2_ws/src/install/my_py_pkg/lib/python3.10/site-packages/my_py_pkg
[1.629s] byte-compiling /home/travharan/ros2_ws/src/install/my_py_pkg/lib/python3.10/site-packages/my_py_pkg/__init__.py to __init__.cpython-310.pyc
[1.630s] running install_data
[1.631s] creating /home/travharan/ros2_ws/src/install/my_py_pkg/share/ament_index
[1.632s] creating /home/travharan/ros2_ws/src/install/my_py_pkg/share/ament_index/resource_index
[1.633s] creating /home/travharan/ros2_ws/src/install/my_py_pkg/share/ament_index/resource_index/packages
[1.634s] copying resource/my_py_pkg -> /home/travharan/ros2_ws/src/install/my_py_pkg/share/ament_index/resource_index/packages
[1.636s] copying package.xml -> /home/travharan/ros2_ws/src/install/my_py_pkg/share/my_py_pkg
[1.637s] running install_egg_info
[1.641s] Copying ../build/my_py_pkg/my_py_pkg.egg-info to /home/travharan/ros2_ws/src/install/my_py_pkg/lib/python3.10/site-packages/my_py_pkg-0.0.0-py3.10.egg-info
[1.644s] running install_scripts
[1.710s] writing list of installed files to '/home/travharan/ros2_ws/src/build/my_py_pkg/install.log'
[1.762s] Invoked command in '/home/travharan/ros2_ws/src/my_py_pkg' returned '0': PYTHONPATH=/home/travharan/ros2_ws/src/build/my_py_pkg/prefix_override:/home/travharan/ros2_ws/src/install/my_py_pkg/lib/python3.10/site-packages:${PYTHONPATH} /usr/bin/python3 -W ignore:setup.py install is deprecated setup.py egg_info --egg-base ../build/my_py_pkg build --build-base /home/travharan/ros2_ws/src/build/my_py_pkg/build install --record /home/travharan/ros2_ws/src/build/my_py_pkg/install.log --single-version-externally-managed install_data
