[0.042s] Invoking command in '/home/travharan/ros2_ws/build/my_cpp_pkg': CMAKE_PREFIX_PATH=/opt/ros/humble /usr/bin/cmake /home/travharan/ros2_ws/my_cpp_pkg -DCMAKE_INSTALL_PREFIX=/home/travharan/ros2_ws/install/my_cpp_pkg
[0.945s] -- The C compiler identification is GNU 11.4.0
[1.477s] -- The CXX compiler identification is GNU 11.4.0
[1.521s] -- Detecting C compiler ABI info
[1.792s] -- Detecting C compiler ABI info - done
[1.815s] -- Check for working C compiler: /usr/bin/cc - skipped
[1.819s] -- Detecting C compile features
[1.825s] -- Detecting C compile features - done
[1.834s] -- Detecting CXX compiler ABI info
[2.065s] -- Detecting CXX compiler ABI info - done
[2.082s] -- Check for working CXX compiler: /usr/bin/c++ - skipped
[2.082s] -- Detecting CXX compile features
[2.083s] -- Detecting CXX compile features - done
[2.116s] -- Found ament_cmake: 1.3.8 (/opt/ros/humble/share/ament_cmake/cmake)
[2.362s] -- Found Python3: /usr/bin/python3 (found version "3.10.12") found components: Interpreter 
[2.545s] -- Found rclcpp: 16.0.8 (/opt/ros/humble/share/rclcpp/cmake)
[2.719s] -- Found rosidl_generator_c: 3.1.5 (/opt/ros/humble/share/rosidl_generator_c/cmake)
[2.733s] -- Found rosidl_adapter: 3.1.5 (/opt/ros/humble/share/rosidl_adapter/cmake)
[2.758s] -- Found rosidl_generator_cpp: 3.1.5 (/opt/ros/humble/share/rosidl_generator_cpp/cmake)
[2.810s] -- Using all available rosidl_typesupport_c: rosidl_typesupport_fastrtps_c;rosidl_typesupport_introspection_c
[2.856s] -- Using all available rosidl_typesupport_cpp: rosidl_typesupport_fastrtps_cpp;rosidl_typesupport_introspection_cpp
[3.037s] -- Found rmw_implementation_cmake: 6.1.1 (/opt/ros/humble/share/rmw_implementation_cmake/cmake)
[3.045s] -- Found rmw_fastrtps_cpp: 6.2.6 (/opt/ros/humble/share/rmw_fastrtps_cpp/cmake)
[3.285s] -- Found OpenSSL: /usr/lib/x86_64-linux-gnu/libcrypto.so (found version "3.0.2")  
[3.342s] -- Found FastRTPS: /opt/ros/humble/include  
[3.411s] -- Using RMW implementation 'rmw_fastrtps_cpp' as default
[3.449s] -- Looking for pthread.h
[3.620s] -- Looking for pthread.h - found
[3.621s] -- Performing Test CMAKE_HAVE_LIBC_PTHREAD
[3.758s] -- Performing Test CMAKE_HAVE_LIBC_PTHREAD - Success
[3.758s] -- Found Threads: TRUE  
[4.099s] -- Found ament_lint_auto: 0.12.10 (/opt/ros/humble/share/ament_lint_auto/cmake)
[4.227s] -- Added test 'lint_cmake' to check CMake code style
[4.231s] -- Added test 'xmllint' to check XML markup files
[4.234s] -- Configuring done
[4.243s] -- Generating done
[4.246s] -- Build files have been written to: /home/travharan/ros2_ws/build/my_cpp_pkg
[4.260s] Invoked command in '/home/travharan/ros2_ws/build/my_cpp_pkg' returned '0': CMAKE_PREFIX_PATH=/opt/ros/humble /usr/bin/cmake /home/travharan/ros2_ws/my_cpp_pkg -DCMAKE_INSTALL_PREFIX=/home/travharan/ros2_ws/install/my_cpp_pkg
[4.267s] Invoking command in '/home/travharan/ros2_ws/build/my_cpp_pkg': CMAKE_PREFIX_PATH=/opt/ros/humble /usr/bin/cmake --build /home/travharan/ros2_ws/build/my_cpp_pkg -- -j2 -l2
[4.338s] Invoked command in '/home/travharan/ros2_ws/build/my_cpp_pkg' returned '0': CMAKE_PREFIX_PATH=/opt/ros/humble /usr/bin/cmake --build /home/travharan/ros2_ws/build/my_cpp_pkg -- -j2 -l2
[4.401s] Invoking command in '/home/travharan/ros2_ws/build/my_cpp_pkg': CMAKE_PREFIX_PATH=/opt/ros/humble /usr/bin/cmake --install /home/travharan/ros2_ws/build/my_cpp_pkg
[4.420s] -- Install configuration: ""
[4.420s] -- Installing: /home/travharan/ros2_ws/install/my_cpp_pkg/share/ament_index/resource_index/package_run_dependencies/my_cpp_pkg
[4.420s] -- Installing: /home/travharan/ros2_ws/install/my_cpp_pkg/share/ament_index/resource_index/parent_prefix_path/my_cpp_pkg
[4.420s] -- Installing: /home/travharan/ros2_ws/install/my_cpp_pkg/share/my_cpp_pkg/environment/ament_prefix_path.sh
[4.420s] -- Installing: /home/travharan/ros2_ws/install/my_cpp_pkg/share/my_cpp_pkg/environment/ament_prefix_path.dsv
[4.420s] -- Installing: /home/travharan/ros2_ws/install/my_cpp_pkg/share/my_cpp_pkg/environment/path.sh
[4.420s] -- Installing: /home/travharan/ros2_ws/install/my_cpp_pkg/share/my_cpp_pkg/environment/path.dsv
[4.420s] -- Installing: /home/travharan/ros2_ws/install/my_cpp_pkg/share/my_cpp_pkg/local_setup.bash
[4.420s] -- Installing: /home/travharan/ros2_ws/install/my_cpp_pkg/share/my_cpp_pkg/local_setup.sh
[4.421s] -- Installing: /home/travharan/ros2_ws/install/my_cpp_pkg/share/my_cpp_pkg/local_setup.zsh
[4.421s] -- Installing: /home/travharan/ros2_ws/install/my_cpp_pkg/share/my_cpp_pkg/local_setup.dsv
[4.421s] -- Installing: /home/travharan/ros2_ws/install/my_cpp_pkg/share/my_cpp_pkg/package.dsv
[4.421s] -- Installing: /home/travharan/ros2_ws/install/my_cpp_pkg/share/ament_index/resource_index/packages/my_cpp_pkg
[4.424s] -- Installing: /home/travharan/ros2_ws/install/my_cpp_pkg/share/my_cpp_pkg/cmake/my_cpp_pkgConfig.cmake
[4.424s] -- Installing: /home/travharan/ros2_ws/install/my_cpp_pkg/share/my_cpp_pkg/cmake/my_cpp_pkgConfig-version.cmake
[4.425s] -- Installing: /home/travharan/ros2_ws/install/my_cpp_pkg/share/my_cpp_pkg/package.xml
[4.435s] Invoked command in '/home/travharan/ros2_ws/build/my_cpp_pkg' returned '0': CMAKE_PREFIX_PATH=/opt/ros/humble /usr/bin/cmake --install /home/travharan/ros2_ws/build/my_cpp_pkg
