[0.139s] Invoking command in '/home/travharan/ros2_ws/build/my_cpp_pkg': CMAKE_PREFIX_PATH=/opt/ros/humble /usr/bin/cmake --build /home/travharan/ros2_ws/build/my_cpp_pkg -- -j2 -l2
[0.356s] Invoked command in '/home/travharan/ros2_ws/build/my_cpp_pkg' returned '0': CMAKE_PREFIX_PATH=/opt/ros/humble /usr/bin/cmake --build /home/travharan/ros2_ws/build/my_cpp_pkg -- -j2 -l2
[0.457s] Invoking command in '/home/travharan/ros2_ws/build/my_cpp_pkg': CMAKE_PREFIX_PATH=/opt/ros/humble /usr/bin/cmake --install /home/travharan/ros2_ws/build/my_cpp_pkg
[0.469s] -- Install configuration: ""
[0.472s] -- Up-to-date: /home/travharan/ros2_ws/install/my_cpp_pkg/share/ament_index/resource_index/package_run_dependencies/my_cpp_pkg
[0.472s] -- Up-to-date: /home/travharan/ros2_ws/install/my_cpp_pkg/share/ament_index/resource_index/parent_prefix_path/my_cpp_pkg
[0.472s] -- Up-to-date: /home/travharan/ros2_ws/install/my_cpp_pkg/share/my_cpp_pkg/environment/ament_prefix_path.sh
[0.472s] -- Up-to-date: /home/travharan/ros2_ws/install/my_cpp_pkg/share/my_cpp_pkg/environment/ament_prefix_path.dsv
[0.472s] -- Up-to-date: /home/travharan/ros2_ws/install/my_cpp_pkg/share/my_cpp_pkg/environment/path.sh
[0.472s] -- Up-to-date: /home/travharan/ros2_ws/install/my_cpp_pkg/share/my_cpp_pkg/environment/path.dsv
[0.472s] -- Up-to-date: /home/travharan/ros2_ws/install/my_cpp_pkg/share/my_cpp_pkg/local_setup.bash
[0.472s] -- Up-to-date: /home/travharan/ros2_ws/install/my_cpp_pkg/share/my_cpp_pkg/local_setup.sh
[0.473s] -- Up-to-date: /home/travharan/ros2_ws/install/my_cpp_pkg/share/my_cpp_pkg/local_setup.zsh
[0.473s] -- Up-to-date: /home/travharan/ros2_ws/install/my_cpp_pkg/share/my_cpp_pkg/local_setup.dsv
[0.473s] -- Up-to-date: /home/travharan/ros2_ws/install/my_cpp_pkg/share/my_cpp_pkg/package.dsv
[0.473s] -- Up-to-date: /home/travharan/ros2_ws/install/my_cpp_pkg/share/ament_index/resource_index/packages/my_cpp_pkg
[0.473s] -- Up-to-date: /home/travharan/ros2_ws/install/my_cpp_pkg/share/my_cpp_pkg/cmake/my_cpp_pkgConfig.cmake
[0.473s] -- Up-to-date: /home/travharan/ros2_ws/install/my_cpp_pkg/share/my_cpp_pkg/cmake/my_cpp_pkgConfig-version.cmake
[0.473s] -- Up-to-date: /home/travharan/ros2_ws/install/my_cpp_pkg/share/my_cpp_pkg/package.xml
[0.485s] Invoked command in '/home/travharan/ros2_ws/build/my_cpp_pkg' returned '0': CMAKE_PREFIX_PATH=/opt/ros/humble /usr/bin/cmake --install /home/travharan/ros2_ws/build/my_cpp_pkg
