[0.783s] Invoking command in '/home/travharan/ros2_ws/src/my_py_pkg': PYTHONPATH=/home/travharan/ros2_ws/build/my_py_pkg/prefix_override:/home/travharan/ros2_ws/install/my_py_pkg/lib/python3.10/site-packages:${PYTHONPATH} /usr/bin/python3 -W ignore:setup.py install is deprecated setup.py egg_info --egg-base ../../build/my_py_pkg build --build-base /home/travharan/ros2_ws/build/my_py_pkg/build install --record /home/travharan/ros2_ws/build/my_py_pkg/install.log --single-version-externally-managed install_data
[1.050s] running egg_info
[1.051s] writing ../../build/my_py_pkg/my_py_pkg.egg-info/PKG-INFO
[1.052s] writing dependency_links to ../../build/my_py_pkg/my_py_pkg.egg-info/dependency_links.txt
[1.052s] writing entry points to ../../build/my_py_pkg/my_py_pkg.egg-info/entry_points.txt
[1.053s] writing requirements to ../../build/my_py_pkg/my_py_pkg.egg-info/requires.txt
[1.053s] writing top-level names to ../../build/my_py_pkg/my_py_pkg.egg-info/top_level.txt
[1.057s] reading manifest file '../../build/my_py_pkg/my_py_pkg.egg-info/SOURCES.txt'
[1.058s] writing manifest file '../../build/my_py_pkg/my_py_pkg.egg-info/SOURCES.txt'
[1.059s] running build
[1.059s] running build_py
[1.059s] copying my_py_pkg/my_first_node.py -> /home/travharan/ros2_ws/build/my_py_pkg/build/lib/my_py_pkg
[1.059s] running install
[1.060s] running install_lib
[1.060s] copying /home/travharan/ros2_ws/build/my_py_pkg/build/lib/my_py_pkg/my_first_node.py -> /home/travharan/ros2_ws/install/my_py_pkg/lib/python3.10/site-packages/my_py_pkg
[1.061s] byte-compiling /home/travharan/ros2_ws/install/my_py_pkg/lib/python3.10/site-packages/my_py_pkg/my_first_node.py to my_first_node.cpython-310.pyc
[1.062s] running install_data
[1.062s] running install_egg_info
[1.064s] removing '/home/travharan/ros2_ws/install/my_py_pkg/lib/python3.10/site-packages/my_py_pkg-0.0.0-py3.10.egg-info' (and everything under it)
[1.065s] Copying ../../build/my_py_pkg/my_py_pkg.egg-info to /home/travharan/ros2_ws/install/my_py_pkg/lib/python3.10/site-packages/my_py_pkg-0.0.0-py3.10.egg-info
[1.068s] running install_scripts
[1.092s] Installing py_node script to /home/travharan/ros2_ws/install/my_py_pkg/lib/my_py_pkg
[1.092s] writing list of installed files to '/home/travharan/ros2_ws/build/my_py_pkg/install.log'
[1.118s] Invoked command in '/home/travharan/ros2_ws/src/my_py_pkg' returned '0': PYTHONPATH=/home/travharan/ros2_ws/build/my_py_pkg/prefix_override:/home/travharan/ros2_ws/install/my_py_pkg/lib/python3.10/site-packages:${PYTHONPATH} /usr/bin/python3 -W ignore:setup.py install is deprecated setup.py egg_info --egg-base ../../build/my_py_pkg build --build-base /home/travharan/ros2_ws/build/my_py_pkg/build install --record /home/travharan/ros2_ws/build/my_py_pkg/install.log --single-version-externally-managed install_data
