[0.959s] Invoking command in '/home/travharan/ros2_ws/build/my_py_pkg': PYTHONPATH=/home/travharan/ros2_ws/build/my_py_pkg/prefix_override:/home/travharan/ros2_ws/install/my_py_pkg/lib/python3.10/site-packages:${PYTHONPATH} /usr/bin/python3 -W ignore:setup.py install is deprecated setup.py develop --editable --build-directory /home/travharan/ros2_ws/build/my_py_pkg/build --no-deps symlink_data
[1.390s] running develop
[1.625s] running egg_info
[1.626s] writing my_py_pkg.egg-info/PKG-INFO
[1.627s] writing dependency_links to my_py_pkg.egg-info/dependency_links.txt
[1.627s] writing entry points to my_py_pkg.egg-info/entry_points.txt
[1.628s] writing requirements to my_py_pkg.egg-info/requires.txt
[1.631s] writing top-level names to my_py_pkg.egg-info/top_level.txt
[1.632s] reading manifest file 'my_py_pkg.egg-info/SOURCES.txt'
[1.634s] writing manifest file 'my_py_pkg.egg-info/SOURCES.txt'
[1.634s] running build_ext
[1.635s] Creating /home/travharan/ros2_ws/install/my_py_pkg/lib/python3.10/site-packages/my-py-pkg.egg-link (link to .)
[1.638s] Installing add_two_ints_client_no_oop script to /home/travharan/ros2_ws/install/my_py_pkg/lib/my_py_pkg
[1.638s] Installing add_two_ints_server script to /home/travharan/ros2_ws/install/my_py_pkg/lib/my_py_pkg
[1.639s] Installing number_counter script to /home/travharan/ros2_ws/install/my_py_pkg/lib/my_py_pkg
[1.640s] Installing number_publisher script to /home/travharan/ros2_ws/install/my_py_pkg/lib/my_py_pkg
[1.640s] Installing py_node script to /home/travharan/ros2_ws/install/my_py_pkg/lib/my_py_pkg
[1.641s] Installing robot_news_station script to /home/travharan/ros2_ws/install/my_py_pkg/lib/my_py_pkg
[1.642s] Installing smartphone script to /home/travharan/ros2_ws/install/my_py_pkg/lib/my_py_pkg
[1.642s] 
[1.643s] Installed /home/travharan/ros2_ws/build/my_py_pkg
[1.649s] running symlink_data
[1.689s] Invoked command in '/home/travharan/ros2_ws/build/my_py_pkg' returned '0': PYTHONPATH=/home/travharan/ros2_ws/build/my_py_pkg/prefix_override:/home/travharan/ros2_ws/install/my_py_pkg/lib/python3.10/site-packages:${PYTHONPATH} /usr/bin/python3 -W ignore:setup.py install is deprecated setup.py develop --editable --build-directory /home/travharan/ros2_ws/build/my_py_pkg/build --no-deps symlink_data
