[0.806s] Invoking command in '/home/travharan/ros2_ws/src/my_py_pkg': PYTHONPATH=/home/travharan/ros2_ws/build/my_py_pkg/prefix_override:/home/travharan/ros2_ws/install/my_py_pkg/lib/python3.10/site-packages:${PYTHONPATH} /usr/bin/python3 -W ignore:setup.py install is deprecated setup.py egg_info --egg-base ../../build/my_py_pkg build --build-base /home/travharan/ros2_ws/build/my_py_pkg/build install --record /home/travharan/ros2_ws/build/my_py_pkg/install.log --single-version-externally-managed install_data
[1.153s] running egg_info
[1.155s] writing ../../build/my_py_pkg/my_py_pkg.egg-info/PKG-INFO
[1.156s] writing dependency_links to ../../build/my_py_pkg/my_py_pkg.egg-info/dependency_links.txt
[1.157s] writing entry points to ../../build/my_py_pkg/my_py_pkg.egg-info/entry_points.txt
[1.159s] writing requirements to ../../build/my_py_pkg/my_py_pkg.egg-info/requires.txt
[1.160s] writing top-level names to ../../build/my_py_pkg/my_py_pkg.egg-info/top_level.txt
[1.163s] reading manifest file '../../build/my_py_pkg/my_py_pkg.egg-info/SOURCES.txt'
[1.165s] writing manifest file '../../build/my_py_pkg/my_py_pkg.egg-info/SOURCES.txt'
[1.165s] running build
[1.166s] running build_py
[1.166s] copying my_py_pkg/my_first_node.py -> /home/travharan/ros2_ws/build/my_py_pkg/build/lib/my_py_pkg
[1.166s] running install
[1.167s] running install_lib
[1.170s] copying /home/travharan/ros2_ws/build/my_py_pkg/build/lib/my_py_pkg/my_first_node.py -> /home/travharan/ros2_ws/install/my_py_pkg/lib/python3.10/site-packages/my_py_pkg
[1.171s] byte-compiling /home/travharan/ros2_ws/install/my_py_pkg/lib/python3.10/site-packages/my_py_pkg/my_first_node.py to my_first_node.cpython-310.pyc
[1.171s] running install_data
[1.172s] running install_egg_info
[1.175s] removing '/home/travharan/ros2_ws/install/my_py_pkg/lib/python3.10/site-packages/my_py_pkg-0.0.0-py3.10.egg-info' (and everything under it)
[1.176s] Copying ../../build/my_py_pkg/my_py_pkg.egg-info to /home/travharan/ros2_ws/install/my_py_pkg/lib/python3.10/site-packages/my_py_pkg-0.0.0-py3.10.egg-info
[1.178s] running install_scripts
[1.205s] Installing py_node script to /home/travharan/ros2_ws/install/my_py_pkg/lib/my_py_pkg
[1.205s] writing list of installed files to '/home/travharan/ros2_ws/build/my_py_pkg/install.log'
[1.243s] Invoked command in '/home/travharan/ros2_ws/src/my_py_pkg' returned '0': PYTHONPATH=/home/travharan/ros2_ws/build/my_py_pkg/prefix_override:/home/travharan/ros2_ws/install/my_py_pkg/lib/python3.10/site-packages:${PYTHONPATH} /usr/bin/python3 -W ignore:setup.py install is deprecated setup.py egg_info --egg-base ../../build/my_py_pkg build --build-base /home/travharan/ros2_ws/build/my_py_pkg/build install --record /home/travharan/ros2_ws/build/my_py_pkg/install.log --single-version-externally-managed install_data
